{"/home/nicki/server/src/database.js": {"path":"/home/nicki/server/src/database.js","statementMap":{"0":{"start":{"line":1,"column":17},"end":{"line":1,"column":36}},"1":{"start":{"line":4,"column":4},"end":{"line":4,"column":39}},"2":{"start":{"line":8,"column":4},"end":{"line":8,"column":37}},"3":{"start":{"line":13,"column":4},"end":{"line":19,"column":5}},"4":{"start":{"line":14,"column":6},"end":{"line":14,"column":42}},"5":{"start":{"line":15,"column":6},"end":{"line":15,"column":47}},"6":{"start":{"line":16,"column":6},"end":{"line":16,"column":52}},"7":{"start":{"line":18,"column":6},"end":{"line":18,"column":59}},"8":{"start":{"line":22,"column":0},"end":{"line":26,"column":1}}},"fnMap":{"0":{"name":"databaseConnector","decl":{"start":{"line":3,"column":15},"end":{"line":3,"column":32}},"loc":{"start":{"line":3,"column":45},"end":{"line":5,"column":1}},"line":3},"1":{"name":"databaseDisconnector","decl":{"start":{"line":7,"column":15},"end":{"line":7,"column":35}},"loc":{"start":{"line":7,"column":37},"end":{"line":10,"column":1}},"line":7},"2":{"name":"deleteDatabase","decl":{"start":{"line":12,"column":15},"end":{"line":12,"column":29}},"loc":{"start":{"line":12,"column":43},"end":{"line":20,"column":3}},"line":12}},"branchMap":{},"s":{"0":3,"1":3,"2":3,"3":0,"4":0,"5":0,"6":0,"7":0,"8":3},"f":{"0":3,"1":3,"2":0},"b":{},"_coverageSchema":"1a1c01bbd47fc00a2c39e90264f33305004495a9","hash":"09074bfb292009b389d50e370646db10e2a30707"}
,"/home/nicki/server/src/server.js": {"path":"/home/nicki/server/src/server.js","statementMap":{"0":{"start":{"line":1,"column":15},"end":{"line":1,"column":32}},"1":{"start":{"line":2,"column":0},"end":{"line":2,"column":16}},"2":{"start":{"line":4,"column":16},"end":{"line":4,"column":34}},"3":{"start":{"line":5,"column":12},"end":{"line":5,"column":21}},"4":{"start":{"line":7,"column":17},"end":{"line":7,"column":36}},"5":{"start":{"line":9,"column":13},"end":{"line":9,"column":37}},"6":{"start":{"line":10,"column":13},"end":{"line":10,"column":44}},"7":{"start":{"line":12,"column":15},"end":{"line":12,"column":32}},"8":{"start":{"line":13,"column":0},"end":{"line":13,"column":18}},"9":{"start":{"line":14,"column":0},"end":{"line":14,"column":47}},"10":{"start":{"line":15,"column":0},"end":{"line":15,"column":33}},"11":{"start":{"line":16,"column":0},"end":{"line":20,"column":3}},"12":{"start":{"line":22,"column":13},"end":{"line":22,"column":28}},"13":{"start":{"line":23,"column":18},"end":{"line":26,"column":1}},"14":{"start":{"line":28,"column":0},"end":{"line":28,"column":26}},"15":{"start":{"line":30,"column":0},"end":{"line":30,"column":24}},"16":{"start":{"line":31,"column":0},"end":{"line":31,"column":45}},"17":{"start":{"line":33,"column":18},"end":{"line":33,"column":20}},"18":{"start":{"line":34,"column":0},"end":{"line":46,"column":1}},"19":{"start":{"line":36,"column":2},"end":{"line":36,"column":41}},"20":{"start":{"line":37,"column":2},"end":{"line":37,"column":8}},"21":{"start":{"line":39,"column":2},"end":{"line":39,"column":59}},"22":{"start":{"line":40,"column":2},"end":{"line":40,"column":8}},"23":{"start":{"line":42,"column":2},"end":{"line":42,"column":64}},"24":{"start":{"line":43,"column":2},"end":{"line":43,"column":8}},"25":{"start":{"line":45,"column":2},"end":{"line":45,"column":67}},"26":{"start":{"line":48,"column":28},"end":{"line":48,"column":49}},"27":{"start":{"line":50,"column":0},"end":{"line":55,"column":2}},"28":{"start":{"line":51,"column":1},"end":{"line":51,"column":64}},"29":{"start":{"line":53,"column":1},"end":{"line":53,"column":50}},"30":{"start":{"line":54,"column":1},"end":{"line":54,"column":19}},"31":{"start":{"line":57,"column":0},"end":{"line":69,"column":3}},"32":{"start":{"line":58,"column":24},"end":{"line":58,"column":54}},"33":{"start":{"line":59,"column":23},"end":{"line":59,"column":47}},"34":{"start":{"line":60,"column":25},"end":{"line":60,"column":57}},"35":{"start":{"line":61,"column":23},"end":{"line":61,"column":47}},"36":{"start":{"line":63,"column":4},"end":{"line":68,"column":6}},"37":{"start":{"line":71,"column":0},"end":{"line":75,"column":2}},"38":{"start":{"line":72,"column":4},"end":{"line":74,"column":6}},"39":{"start":{"line":77,"column":26},"end":{"line":77,"column":63}},"40":{"start":{"line":78,"column":0},"end":{"line":78,"column":38}},"41":{"start":{"line":80,"column":26},"end":{"line":80,"column":69}},"42":{"start":{"line":81,"column":0},"end":{"line":81,"column":38}},"43":{"start":{"line":83,"column":24},"end":{"line":83,"column":68}},"44":{"start":{"line":84,"column":0},"end":{"line":84,"column":24}},"45":{"start":{"line":86,"column":20},"end":{"line":86,"column":55}},"46":{"start":{"line":87,"column":0},"end":{"line":87,"column":25}},"47":{"start":{"line":89,"column":22},"end":{"line":89,"column":59}},"48":{"start":{"line":90,"column":0},"end":{"line":90,"column":27}},"49":{"start":{"line":92,"column":26},"end":{"line":92,"column":68}},"50":{"start":{"line":93,"column":0},"end":{"line":93,"column":31}},"51":{"start":{"line":95,"column":0},"end":{"line":101,"column":2}},"52":{"start":{"line":96,"column":1},"end":{"line":96,"column":21}},"53":{"start":{"line":97,"column":1},"end":{"line":100,"column":3}},"54":{"start":{"line":103,"column":0},"end":{"line":107,"column":1}}},"fnMap":{"0":{"name":"(anonymous_0)","decl":{"start":{"line":50,"column":36},"end":{"line":50,"column":37}},"loc":{"start":{"line":50,"column":41},"end":{"line":52,"column":1}},"line":50},"1":{"name":"(anonymous_1)","decl":{"start":{"line":52,"column":9},"end":{"line":52,"column":10}},"loc":{"start":{"line":52,"column":18},"end":{"line":55,"column":1}},"line":52},"2":{"name":"(anonymous_2)","decl":{"start":{"line":57,"column":27},"end":{"line":57,"column":28}},"loc":{"start":{"line":57,"column":50},"end":{"line":69,"column":1}},"line":57},"3":{"name":"(anonymous_3)","decl":{"start":{"line":71,"column":13},"end":{"line":71,"column":14}},"loc":{"start":{"line":71,"column":36},"end":{"line":75,"column":1}},"line":71},"4":{"name":"(anonymous_4)","decl":{"start":{"line":95,"column":13},"end":{"line":95,"column":14}},"loc":{"start":{"line":95,"column":35},"end":{"line":101,"column":1}},"line":95}},"branchMap":{"0":{"loc":{"start":{"line":9,"column":13},"end":{"line":9,"column":37}},"type":"binary-expr","locations":[{"start":{"line":9,"column":13},"end":{"line":9,"column":29}},{"start":{"line":9,"column":33},"end":{"line":9,"column":37}}],"line":9},"1":{"loc":{"start":{"line":10,"column":13},"end":{"line":10,"column":44}},"type":"binary-expr","locations":[{"start":{"line":10,"column":13},"end":{"line":10,"column":29}},{"start":{"line":10,"column":33},"end":{"line":10,"column":44}}],"line":10},"2":{"loc":{"start":{"line":34,"column":0},"end":{"line":46,"column":1}},"type":"switch","locations":[{"start":{"line":35,"column":1},"end":{"line":37,"column":8}},{"start":{"line":38,"column":1},"end":{"line":40,"column":8}},{"start":{"line":41,"column":1},"end":{"line":43,"column":8}},{"start":{"line":44,"column":1},"end":{"line":45,"column":67}}],"line":34}},"s":{"0":3,"1":3,"2":3,"3":3,"4":3,"5":3,"6":3,"7":3,"8":3,"9":3,"10":3,"11":3,"12":3,"13":3,"14":3,"15":3,"16":3,"17":3,"18":3,"19":0,"20":0,"21":0,"22":0,"23":3,"24":3,"25":0,"26":3,"27":3,"28":3,"29":0,"30":0,"31":3,"32":0,"33":0,"34":0,"35":0,"36":0,"37":3,"38":3,"39":3,"40":3,"41":3,"42":3,"43":3,"44":3,"45":3,"46":3,"47":3,"48":3,"49":3,"50":3,"51":3,"52":0,"53":0,"54":3},"f":{"0":3,"1":0,"2":0,"3":3,"4":0},"b":{"0":[3,3],"1":[3,3],"2":[0,0,3,0]},"_coverageSchema":"1a1c01bbd47fc00a2c39e90264f33305004495a9","hash":"cc9005ef821ef47e30c23a47f9dbbc56a39989b0"}
,"/home/nicki/server/src/controllers/class_controller.js": {"path":"/home/nicki/server/src/controllers/class_controller.js","statementMap":{"0":{"start":{"line":1,"column":14},"end":{"line":1,"column":40}},"1":{"start":{"line":2,"column":20},"end":{"line":2,"column":52}},"2":{"start":{"line":7,"column":2},"end":{"line":23,"column":3}},"3":{"start":{"line":9,"column":19},"end":{"line":11,"column":6}},"4":{"start":{"line":14,"column":4},"end":{"line":14,"column":26}},"5":{"start":{"line":15,"column":4},"end":{"line":15,"column":50}},"6":{"start":{"line":16,"column":4},"end":{"line":16,"column":36}},"7":{"start":{"line":19,"column":4},"end":{"line":19,"column":40}},"8":{"start":{"line":21,"column":4},"end":{"line":21,"column":50}},"9":{"start":{"line":22,"column":4},"end":{"line":22,"column":67}},"10":{"start":{"line":28,"column":2},"end":{"line":37,"column":3}},"11":{"start":{"line":29,"column":18},"end":{"line":29,"column":45}},"12":{"start":{"line":30,"column":23},"end":{"line":30,"column":66}},"13":{"start":{"line":31,"column":4},"end":{"line":32,"column":7}},"14":{"start":{"line":33,"column":4},"end":{"line":33,"column":42}},"15":{"start":{"line":35,"column":4},"end":{"line":35,"column":54}},"16":{"start":{"line":36,"column":4},"end":{"line":36,"column":71}},"17":{"start":{"line":42,"column":16},"end":{"line":42,"column":38}},"18":{"start":{"line":43,"column":2},"end":{"line":55,"column":3}},"19":{"start":{"line":45,"column":25},"end":{"line":45,"column":107}},"20":{"start":{"line":47,"column":4},"end":{"line":49,"column":5}},"21":{"start":{"line":48,"column":6},"end":{"line":48,"column":69}},"22":{"start":{"line":51,"column":4},"end":{"line":51,"column":44}},"23":{"start":{"line":53,"column":4},"end":{"line":53,"column":52}},"24":{"start":{"line":54,"column":4},"end":{"line":54,"column":69}},"25":{"start":{"line":58,"column":0},"end":{"line":62,"column":2}}},"fnMap":{"0":{"name":"createClass","decl":{"start":{"line":5,"column":15},"end":{"line":5,"column":26}},"loc":{"start":{"line":5,"column":46},"end":{"line":24,"column":1}},"line":5},"1":{"name":"getTeacherClasses","decl":{"start":{"line":27,"column":15},"end":{"line":27,"column":32}},"loc":{"start":{"line":27,"column":51},"end":{"line":38,"column":1}},"line":27},"2":{"name":"getTeacherClass","decl":{"start":{"line":41,"column":15},"end":{"line":41,"column":30}},"loc":{"start":{"line":41,"column":50},"end":{"line":56,"column":1}},"line":41}},"branchMap":{"0":{"loc":{"start":{"line":31,"column":4},"end":{"line":32,"column":7}},"type":"if","locations":[{"start":{"line":31,"column":4},"end":{"line":32,"column":7}},{"start":{},"end":{}}],"line":31},"1":{"loc":{"start":{"line":31,"column":8},"end":{"line":31,"column":46}},"type":"binary-expr","locations":[{"start":{"line":31,"column":8},"end":{"line":31,"column":19}},{"start":{"line":31,"column":23},"end":{"line":31,"column":46}}],"line":31},"2":{"loc":{"start":{"line":47,"column":4},"end":{"line":49,"column":5}},"type":"if","locations":[{"start":{"line":47,"column":4},"end":{"line":49,"column":5}},{"start":{},"end":{}}],"line":47}},"s":{"0":3,"1":3,"2":1,"3":1,"4":1,"5":1,"6":1,"7":1,"8":0,"9":0,"10":1,"11":1,"12":1,"13":1,"14":1,"15":0,"16":0,"17":1,"18":1,"19":1,"20":1,"21":0,"22":1,"23":0,"24":0,"25":3},"f":{"0":1,"1":1,"2":1},"b":{"0":[0,1],"1":[1,1],"2":[0,1]},"_coverageSchema":"1a1c01bbd47fc00a2c39e90264f33305004495a9","hash":"4dd66f4690e6d113d6731702c946f6d70f26bfa4"}
,"/home/nicki/server/src/controllers/reading_form_controller.js": {"path":"/home/nicki/server/src/controllers/reading_form_controller.js","statementMap":{"0":{"start":{"line":1,"column":24},"end":{"line":1,"column":56}},"1":{"start":{"line":2,"column":16},"end":{"line":2,"column":44}},"2":{"start":{"line":3,"column":14},"end":{"line":3,"column":40}},"3":{"start":{"line":8,"column":2},"end":{"line":24,"column":3}},"4":{"start":{"line":9,"column":27},"end":{"line":15,"column":6}},"5":{"start":{"line":17,"column":4},"end":{"line":17,"column":31}},"6":{"start":{"line":18,"column":4},"end":{"line":18,"column":63}},"7":{"start":{"line":19,"column":4},"end":{"line":19,"column":38}},"8":{"start":{"line":20,"column":4},"end":{"line":21,"column":33}},"9":{"start":{"line":23,"column":4},"end":{"line":23,"column":75}},"10":{"start":{"line":42,"column":16},"end":{"line":42,"column":38}},"11":{"start":{"line":44,"column":2},"end":{"line":73,"column":3}},"12":{"start":{"line":46,"column":25},"end":{"line":46,"column":75}},"13":{"start":{"line":48,"column":4},"end":{"line":50,"column":5}},"14":{"start":{"line":49,"column":6},"end":{"line":49,"column":69}},"15":{"start":{"line":53,"column":23},"end":{"line":53,"column":72}},"16":{"start":{"line":53,"column":60},"end":{"line":53,"column":71}},"17":{"start":{"line":56,"column":32},"end":{"line":59,"column":48}},"18":{"start":{"line":62,"column":21},"end":{"line":67,"column":7}},"19":{"start":{"line":62,"column":55},"end":{"line":67,"column":5}},"20":{"start":{"line":69,"column":4},"end":{"line":69,"column":40}},"21":{"start":{"line":71,"column":4},"end":{"line":71,"column":35}},"22":{"start":{"line":72,"column":4},"end":{"line":72,"column":84}},"23":{"start":{"line":78,"column":16},"end":{"line":78,"column":38}},"24":{"start":{"line":80,"column":2},"end":{"line":113,"column":3}},"25":{"start":{"line":82,"column":25},"end":{"line":82,"column":75}},"26":{"start":{"line":84,"column":4},"end":{"line":86,"column":5}},"27":{"start":{"line":85,"column":6},"end":{"line":85,"column":69}},"28":{"start":{"line":89,"column":23},"end":{"line":89,"column":72}},"29":{"start":{"line":89,"column":60},"end":{"line":89,"column":71}},"30":{"start":{"line":92,"column":32},"end":{"line":95,"column":48}},"31":{"start":{"line":98,"column":21},"end":{"line":104,"column":7}},"32":{"start":{"line":98,"column":55},"end":{"line":104,"column":5}},"33":{"start":{"line":107,"column":27},"end":{"line":107,"column":75}},"34":{"start":{"line":107,"column":54},"end":{"line":107,"column":74}},"35":{"start":{"line":109,"column":4},"end":{"line":109,"column":46}},"36":{"start":{"line":111,"column":4},"end":{"line":111,"column":35}},"37":{"start":{"line":112,"column":4},"end":{"line":112,"column":91}},"38":{"start":{"line":121,"column":0},"end":{"line":126,"column":2}}},"fnMap":{"0":{"name":"postReadingForm","decl":{"start":{"line":6,"column":15},"end":{"line":6,"column":30}},"loc":{"start":{"line":6,"column":50},"end":{"line":25,"column":1}},"line":6},"1":{"name":"getComments","decl":{"start":{"line":41,"column":15},"end":{"line":41,"column":26}},"loc":{"start":{"line":41,"column":46},"end":{"line":74,"column":1}},"line":41},"2":{"name":"(anonymous_2)","decl":{"start":{"line":53,"column":49},"end":{"line":53,"column":50}},"loc":{"start":{"line":53,"column":60},"end":{"line":53,"column":71}},"line":53},"3":{"name":"(anonymous_3)","decl":{"start":{"line":62,"column":45},"end":{"line":62,"column":46}},"loc":{"start":{"line":62,"column":55},"end":{"line":67,"column":5}},"line":62},"4":{"name":"getFavouriteBooks","decl":{"start":{"line":77,"column":15},"end":{"line":77,"column":32}},"loc":{"start":{"line":77,"column":52},"end":{"line":114,"column":1}},"line":77},"5":{"name":"(anonymous_5)","decl":{"start":{"line":89,"column":49},"end":{"line":89,"column":50}},"loc":{"start":{"line":89,"column":60},"end":{"line":89,"column":71}},"line":89},"6":{"name":"(anonymous_6)","decl":{"start":{"line":98,"column":45},"end":{"line":98,"column":46}},"loc":{"start":{"line":98,"column":55},"end":{"line":104,"column":5}},"line":98},"7":{"name":"(anonymous_7)","decl":{"start":{"line":107,"column":43},"end":{"line":107,"column":44}},"loc":{"start":{"line":107,"column":54},"end":{"line":107,"column":74}},"line":107}},"branchMap":{"0":{"loc":{"start":{"line":48,"column":4},"end":{"line":50,"column":5}},"type":"if","locations":[{"start":{"line":48,"column":4},"end":{"line":50,"column":5}},{"start":{},"end":{}}],"line":48},"1":{"loc":{"start":{"line":84,"column":4},"end":{"line":86,"column":5}},"type":"if","locations":[{"start":{"line":84,"column":4},"end":{"line":86,"column":5}},{"start":{},"end":{}}],"line":84}},"s":{"0":3,"1":3,"2":3,"3":0,"4":0,"5":0,"6":0,"7":0,"8":0,"9":0,"10":0,"11":0,"12":0,"13":0,"14":0,"15":0,"16":0,"17":0,"18":0,"19":0,"20":0,"21":0,"22":0,"23":0,"24":0,"25":0,"26":0,"27":0,"28":0,"29":0,"30":0,"31":0,"32":0,"33":0,"34":0,"35":0,"36":0,"37":0,"38":3},"f":{"0":0,"1":0,"2":0,"3":0,"4":0,"5":0,"6":0,"7":0},"b":{"0":[0,0],"1":[0,0]},"_coverageSchema":"1a1c01bbd47fc00a2c39e90264f33305004495a9","hash":"b7fc4e1d2016c5c2a161fc5972022e7cb7f1b3bc"}
,"/home/nicki/server/src/controllers/student_controller.js": {"path":"/home/nicki/server/src/controllers/student_controller.js","statementMap":{"0":{"start":{"line":1,"column":16},"end":{"line":1,"column":44}},"1":{"start":{"line":2,"column":20},"end":{"line":2,"column":52}},"2":{"start":{"line":3,"column":14},"end":{"line":3,"column":40}},"3":{"start":{"line":4,"column":24},"end":{"line":4,"column":56}},"4":{"start":{"line":7,"column":22},"end":{"line":31,"column":1}},"5":{"start":{"line":8,"column":2},"end":{"line":30,"column":3}},"6":{"start":{"line":10,"column":23},"end":{"line":15,"column":6}},"7":{"start":{"line":18,"column":4},"end":{"line":18,"column":28}},"8":{"start":{"line":19,"column":4},"end":{"line":19,"column":54}},"9":{"start":{"line":20,"column":4},"end":{"line":20,"column":37}},"10":{"start":{"line":22,"column":4},"end":{"line":22,"column":42}},"11":{"start":{"line":24,"column":4},"end":{"line":29,"column":5}},"12":{"start":{"line":26,"column":6},"end":{"line":26,"column":119}},"13":{"start":{"line":28,"column":6},"end":{"line":28,"column":58}},"14":{"start":{"line":33,"column":23},"end":{"line":48,"column":1}},"15":{"start":{"line":34,"column":2},"end":{"line":47,"column":3}},"16":{"start":{"line":35,"column":23},"end":{"line":35,"column":44}},"17":{"start":{"line":38,"column":20},"end":{"line":38,"column":77}},"18":{"start":{"line":40,"column":4},"end":{"line":42,"column":5}},"19":{"start":{"line":41,"column":6},"end":{"line":41,"column":66}},"20":{"start":{"line":44,"column":4},"end":{"line":44,"column":22}},"21":{"start":{"line":46,"column":4},"end":{"line":46,"column":51}},"22":{"start":{"line":51,"column":22},"end":{"line":75,"column":1}},"23":{"start":{"line":52,"column":2},"end":{"line":74,"column":3}},"24":{"start":{"line":54,"column":27},"end":{"line":63,"column":5}},"25":{"start":{"line":65,"column":4},"end":{"line":68,"column":5}},"26":{"start":{"line":67,"column":6},"end":{"line":67,"column":73}},"27":{"start":{"line":70,"column":4},"end":{"line":70,"column":59}},"28":{"start":{"line":72,"column":4},"end":{"line":72,"column":25}},"29":{"start":{"line":73,"column":4},"end":{"line":73,"column":69}},"30":{"start":{"line":78,"column":22},"end":{"line":106,"column":1}},"31":{"start":{"line":79,"column":2},"end":{"line":105,"column":3}},"32":{"start":{"line":81,"column":4},"end":{"line":83,"column":5}},"33":{"start":{"line":82,"column":6},"end":{"line":82,"column":73}},"34":{"start":{"line":86,"column":4},"end":{"line":89,"column":6}},"35":{"start":{"line":92,"column":27},"end":{"line":92,"column":86}},"36":{"start":{"line":94,"column":4},"end":{"line":100,"column":5}},"37":{"start":{"line":96,"column":6},"end":{"line":96,"column":77}},"38":{"start":{"line":99,"column":6},"end":{"line":99,"column":66}},"39":{"start":{"line":103,"column":4},"end":{"line":103,"column":25}},"40":{"start":{"line":104,"column":4},"end":{"line":104,"column":69}},"41":{"start":{"line":109,"column":0},"end":{"line":114,"column":2}}},"fnMap":{"0":{"name":"(anonymous_0)","decl":{"start":{"line":7,"column":22},"end":{"line":7,"column":23}},"loc":{"start":{"line":7,"column":51},"end":{"line":31,"column":1}},"line":7},"1":{"name":"(anonymous_1)","decl":{"start":{"line":33,"column":23},"end":{"line":33,"column":24}},"loc":{"start":{"line":33,"column":43},"end":{"line":48,"column":1}},"line":33},"2":{"name":"(anonymous_2)","decl":{"start":{"line":51,"column":22},"end":{"line":51,"column":23}},"loc":{"start":{"line":51,"column":51},"end":{"line":75,"column":1}},"line":51},"3":{"name":"(anonymous_3)","decl":{"start":{"line":78,"column":22},"end":{"line":78,"column":23}},"loc":{"start":{"line":78,"column":51},"end":{"line":106,"column":1}},"line":78}},"branchMap":{"0":{"loc":{"start":{"line":24,"column":4},"end":{"line":29,"column":5}},"type":"if","locations":[{"start":{"line":24,"column":4},"end":{"line":29,"column":5}},{"start":{"line":27,"column":11},"end":{"line":29,"column":5}}],"line":24},"1":{"loc":{"start":{"line":24,"column":8},"end":{"line":24,"column":84}},"type":"binary-expr","locations":[{"start":{"line":24,"column":8},"end":{"line":24,"column":28}},{"start":{"line":24,"column":32},"end":{"line":24,"column":48}},{"start":{"line":24,"column":52},"end":{"line":24,"column":84}}],"line":24},"2":{"loc":{"start":{"line":40,"column":4},"end":{"line":42,"column":5}},"type":"if","locations":[{"start":{"line":40,"column":4},"end":{"line":42,"column":5}},{"start":{},"end":{}}],"line":40},"3":{"loc":{"start":{"line":65,"column":4},"end":{"line":68,"column":5}},"type":"if","locations":[{"start":{"line":65,"column":4},"end":{"line":68,"column":5}},{"start":{},"end":{}}],"line":65},"4":{"loc":{"start":{"line":81,"column":4},"end":{"line":83,"column":5}},"type":"if","locations":[{"start":{"line":81,"column":4},"end":{"line":83,"column":5}},{"start":{},"end":{}}],"line":81},"5":{"loc":{"start":{"line":94,"column":4},"end":{"line":100,"column":5}},"type":"if","locations":[{"start":{"line":94,"column":4},"end":{"line":100,"column":5}},{"start":{"line":97,"column":11},"end":{"line":100,"column":5}}],"line":94}},"s":{"0":3,"1":3,"2":3,"3":3,"4":3,"5":0,"6":0,"7":0,"8":0,"9":0,"10":0,"11":0,"12":0,"13":0,"14":3,"15":0,"16":0,"17":0,"18":0,"19":0,"20":0,"21":0,"22":3,"23":0,"24":0,"25":0,"26":0,"27":0,"28":0,"29":0,"30":3,"31":0,"32":0,"33":0,"34":0,"35":0,"36":0,"37":0,"38":0,"39":0,"40":0,"41":3},"f":{"0":0,"1":0,"2":0,"3":0},"b":{"0":[0,0],"1":[0,0,0],"2":[0,0],"3":[0,0],"4":[0,0],"5":[0,0]},"_coverageSchema":"1a1c01bbd47fc00a2c39e90264f33305004495a9","hash":"1fbd940753db346e4966140980c177adf587007f"}
,"/home/nicki/server/src/controllers/student_login_controller.js": {"path":"/home/nicki/server/src/controllers/student_login_controller.js","statementMap":{"0":{"start":{"line":1,"column":16},"end":{"line":1,"column":44}},"1":{"start":{"line":2,"column":29},"end":{"line":2,"column":65}},"2":{"start":{"line":5,"column":4},"end":{"line":25,"column":7}},"3":{"start":{"line":7,"column":19},"end":{"line":7,"column":79}},"4":{"start":{"line":8,"column":6},"end":{"line":10,"column":7}},"5":{"start":{"line":9,"column":8},"end":{"line":9,"column":73}},"6":{"start":{"line":12,"column":6},"end":{"line":21,"column":9}},"7":{"start":{"line":13,"column":22},"end":{"line":13,"column":66}},"8":{"start":{"line":14,"column":8},"end":{"line":18,"column":10}},"9":{"start":{"line":20,"column":8},"end":{"line":20,"column":73}},"10":{"start":{"line":24,"column":6},"end":{"line":24,"column":69}},"11":{"start":{"line":28,"column":2},"end":{"line":30,"column":3}}},"fnMap":{"0":{"name":"studentUserLogin","decl":{"start":{"line":4,"column":15},"end":{"line":4,"column":31}},"loc":{"start":{"line":4,"column":51},"end":{"line":26,"column":3}},"line":4}},"branchMap":{"0":{"loc":{"start":{"line":8,"column":6},"end":{"line":10,"column":7}},"type":"if","locations":[{"start":{"line":8,"column":6},"end":{"line":10,"column":7}},{"start":{},"end":{}}],"line":8},"1":{"loc":{"start":{"line":12,"column":6},"end":{"line":21,"column":9}},"type":"if","locations":[{"start":{"line":12,"column":6},"end":{"line":21,"column":9}},{"start":{"line":19,"column":13},"end":{"line":21,"column":9}}],"line":12}},"s":{"0":3,"1":3,"2":0,"3":0,"4":0,"5":0,"6":0,"7":0,"8":0,"9":0,"10":0,"11":3},"f":{"0":0},"b":{"0":[0,0],"1":[0,0]},"_coverageSchema":"1a1c01bbd47fc00a2c39e90264f33305004495a9","hash":"5f003621fa47893230293ea70f97934d180d8178"}
,"/home/nicki/server/src/controllers/teacher_controller.js": {"path":"/home/nicki/server/src/controllers/teacher_controller.js","statementMap":{"0":{"start":{"line":1,"column":15},"end":{"line":1,"column":32}},"1":{"start":{"line":2,"column":12},"end":{"line":2,"column":35}},"2":{"start":{"line":3,"column":20},"end":{"line":3,"column":52}},"3":{"start":{"line":4,"column":24},"end":{"line":4,"column":60}},"4":{"start":{"line":7,"column":24},"end":{"line":12,"column":1}},"5":{"start":{"line":8,"column":23},"end":{"line":8,"column":47}},"6":{"start":{"line":9,"column":4},"end":{"line":11,"column":6}},"7":{"start":{"line":18,"column":2},"end":{"line":49,"column":3}},"8":{"start":{"line":20,"column":25},"end":{"line":20,"column":87}},"9":{"start":{"line":21,"column":4},"end":{"line":25,"column":5}},"10":{"start":{"line":22,"column":6},"end":{"line":24,"column":52}},"11":{"start":{"line":28,"column":18},"end":{"line":37,"column":6}},"12":{"start":{"line":40,"column":4},"end":{"line":40,"column":25}},"13":{"start":{"line":42,"column":18},"end":{"line":42,"column":60}},"14":{"start":{"line":45,"column":4},"end":{"line":45,"column":96}},"15":{"start":{"line":48,"column":4},"end":{"line":48,"column":75}},"16":{"start":{"line":57,"column":2},"end":{"line":76,"column":5}},"17":{"start":{"line":59,"column":17},"end":{"line":59,"column":79}},"18":{"start":{"line":60,"column":4},"end":{"line":62,"column":5}},"19":{"start":{"line":61,"column":6},"end":{"line":61,"column":70}},"20":{"start":{"line":64,"column":4},"end":{"line":72,"column":7}},"21":{"start":{"line":65,"column":20},"end":{"line":65,"column":56}},"22":{"start":{"line":66,"column":6},"end":{"line":69,"column":8}},"23":{"start":{"line":71,"column":6},"end":{"line":71,"column":61}},"24":{"start":{"line":75,"column":4},"end":{"line":75,"column":67}},"25":{"start":{"line":82,"column":4},"end":{"line":91,"column":5}},"26":{"start":{"line":84,"column":6},"end":{"line":84,"column":39}},"27":{"start":{"line":87,"column":6},"end":{"line":87,"column":73}},"28":{"start":{"line":90,"column":6},"end":{"line":90,"column":70}},"29":{"start":{"line":94,"column":0},"end":{"line":99,"column":1}}},"fnMap":{"0":{"name":"(anonymous_0)","decl":{"start":{"line":7,"column":24},"end":{"line":7,"column":25}},"loc":{"start":{"line":7,"column":53},"end":{"line":12,"column":1}},"line":7},"1":{"name":"registerUser","decl":{"start":{"line":17,"column":15},"end":{"line":17,"column":27}},"loc":{"start":{"line":17,"column":47},"end":{"line":50,"column":1}},"line":17},"2":{"name":"loginUser","decl":{"start":{"line":56,"column":15},"end":{"line":56,"column":24}},"loc":{"start":{"line":56,"column":44},"end":{"line":77,"column":1}},"line":56},"3":{"name":"logoutUser","decl":{"start":{"line":81,"column":15},"end":{"line":81,"column":25}},"loc":{"start":{"line":81,"column":45},"end":{"line":92,"column":3}},"line":81}},"branchMap":{"0":{"loc":{"start":{"line":21,"column":4},"end":{"line":25,"column":5}},"type":"if","locations":[{"start":{"line":21,"column":4},"end":{"line":25,"column":5}},{"start":{},"end":{}}],"line":21},"1":{"loc":{"start":{"line":60,"column":4},"end":{"line":62,"column":5}},"type":"if","locations":[{"start":{"line":60,"column":4},"end":{"line":62,"column":5}},{"start":{},"end":{}}],"line":60},"2":{"loc":{"start":{"line":64,"column":4},"end":{"line":72,"column":7}},"type":"if","locations":[{"start":{"line":64,"column":4},"end":{"line":72,"column":7}},{"start":{"line":70,"column":11},"end":{"line":72,"column":7}}],"line":64}},"s":{"0":3,"1":3,"2":3,"3":3,"4":3,"5":2,"6":2,"7":2,"8":2,"9":2,"10":1,"11":1,"12":1,"13":1,"14":1,"15":0,"16":3,"17":3,"18":3,"19":1,"20":2,"21":1,"22":1,"23":1,"24":0,"25":1,"26":1,"27":1,"28":0,"29":3},"f":{"0":2,"1":2,"2":3,"3":1},"b":{"0":[1,1],"1":[1,2],"2":[1,1]},"_coverageSchema":"1a1c01bbd47fc00a2c39e90264f33305004495a9","hash":"4dbf39ff299c32dfb6cfd91d024104cac2eee718"}
,"/home/nicki/server/src/middlewares/auth_middlewares.js": {"path":"/home/nicki/server/src/middlewares/auth_middlewares.js","statementMap":{"0":{"start":{"line":2,"column":24},"end":{"line":2,"column":60}},"1":{"start":{"line":4,"column":24},"end":{"line":21,"column":1}},"2":{"start":{"line":5,"column":2},"end":{"line":20,"column":3}},"3":{"start":{"line":6,"column":4},"end":{"line":17,"column":5}},"4":{"start":{"line":7,"column":20},"end":{"line":7,"column":63}},"5":{"start":{"line":8,"column":6},"end":{"line":10,"column":7}},"6":{"start":{"line":9,"column":8},"end":{"line":9,"column":66}},"7":{"start":{"line":11,"column":22},"end":{"line":11,"column":40}},"8":{"start":{"line":12,"column":6},"end":{"line":12,"column":29}},"9":{"start":{"line":13,"column":6},"end":{"line":13,"column":13}},"10":{"start":{"line":16,"column":6},"end":{"line":16,"column":59}},"11":{"start":{"line":19,"column":4},"end":{"line":19,"column":16}},"12":{"start":{"line":23,"column":0},"end":{"line":23,"column":33}}},"fnMap":{"0":{"name":"(anonymous_0)","decl":{"start":{"line":4,"column":24},"end":{"line":4,"column":25}},"loc":{"start":{"line":4,"column":53},"end":{"line":21,"column":1}},"line":4}},"branchMap":{"0":{"loc":{"start":{"line":6,"column":4},"end":{"line":17,"column":5}},"type":"if","locations":[{"start":{"line":6,"column":4},"end":{"line":17,"column":5}},{"start":{"line":15,"column":11},"end":{"line":17,"column":5}}],"line":6},"1":{"loc":{"start":{"line":8,"column":6},"end":{"line":10,"column":7}},"type":"if","locations":[{"start":{"line":8,"column":6},"end":{"line":10,"column":7}},{"start":{},"end":{}}],"line":8}},"s":{"0":3,"1":3,"2":3,"3":3,"4":3,"5":3,"6":0,"7":3,"8":3,"9":3,"10":0,"11":0,"12":3},"f":{"0":3},"b":{"0":[3,0],"1":[0,3]},"_coverageSchema":"1a1c01bbd47fc00a2c39e90264f33305004495a9","hash":"10f53e048531daa29c1c9f2d1d8f770ac40fb32d"}
,"/home/nicki/server/src/middlewares/student_middleware.js": {"path":"/home/nicki/server/src/middlewares/student_middleware.js","statementMap":{"0":{"start":{"line":1,"column":16},"end":{"line":1,"column":47}},"1":{"start":{"line":3,"column":23},"end":{"line":17,"column":3}},"2":{"start":{"line":4,"column":4},"end":{"line":16,"column":5}},"3":{"start":{"line":5,"column":24},"end":{"line":5,"column":48}},"4":{"start":{"line":6,"column":30},"end":{"line":6,"column":63}},"5":{"start":{"line":8,"column":6},"end":{"line":10,"column":7}},"6":{"start":{"line":9,"column":8},"end":{"line":9,"column":74}},"7":{"start":{"line":12,"column":6},"end":{"line":12,"column":46}},"8":{"start":{"line":13,"column":6},"end":{"line":13,"column":13}},"9":{"start":{"line":15,"column":6},"end":{"line":15,"column":69}},"10":{"start":{"line":19,"column":2},"end":{"line":21,"column":3}}},"fnMap":{"0":{"name":"(anonymous_0)","decl":{"start":{"line":3,"column":23},"end":{"line":3,"column":24}},"loc":{"start":{"line":3,"column":58},"end":{"line":17,"column":3}},"line":3}},"branchMap":{"0":{"loc":{"start":{"line":8,"column":6},"end":{"line":10,"column":7}},"type":"if","locations":[{"start":{"line":8,"column":6},"end":{"line":10,"column":7}},{"start":{},"end":{}}],"line":8}},"s":{"0":3,"1":3,"2":0,"3":0,"4":0,"5":0,"6":0,"7":0,"8":0,"9":0,"10":3},"f":{"0":0},"b":{"0":[0,0]},"_coverageSchema":"1a1c01bbd47fc00a2c39e90264f33305004495a9","hash":"7b02a0bba98d55502bae54e3ed73af6b27969a99"}
,"/home/nicki/server/src/middlewares/student_user_middleware.js": {"path":"/home/nicki/server/src/middlewares/student_user_middleware.js","statementMap":{"0":{"start":{"line":1,"column":16},"end":{"line":1,"column":44}},"1":{"start":{"line":3,"column":31},"end":{"line":17,"column":3}},"2":{"start":{"line":4,"column":4},"end":{"line":16,"column":5}},"3":{"start":{"line":6,"column":19},"end":{"line":6,"column":63}},"4":{"start":{"line":8,"column":6},"end":{"line":10,"column":7}},"5":{"start":{"line":9,"column":8},"end":{"line":9,"column":78}},"6":{"start":{"line":12,"column":6},"end":{"line":12,"column":35}},"7":{"start":{"line":13,"column":6},"end":{"line":13,"column":13}},"8":{"start":{"line":15,"column":6},"end":{"line":15,"column":58}},"9":{"start":{"line":19,"column":2},"end":{"line":21,"column":3}}},"fnMap":{"0":{"name":"(anonymous_0)","decl":{"start":{"line":3,"column":31},"end":{"line":3,"column":32}},"loc":{"start":{"line":3,"column":66},"end":{"line":17,"column":3}},"line":3}},"branchMap":{"0":{"loc":{"start":{"line":8,"column":6},"end":{"line":10,"column":7}},"type":"if","locations":[{"start":{"line":8,"column":6},"end":{"line":10,"column":7}},{"start":{},"end":{}}],"line":8}},"s":{"0":3,"1":3,"2":0,"3":0,"4":0,"5":0,"6":0,"7":0,"8":0,"9":3},"f":{"0":0},"b":{"0":[0,0]},"_coverageSchema":"1a1c01bbd47fc00a2c39e90264f33305004495a9","hash":"6c1c288e786c8af73f3e9ea259dfca1752b22df7"}
,"/home/nicki/server/src/middlewares/user_middleware.js": {"path":"/home/nicki/server/src/middlewares/user_middleware.js","statementMap":{"0":{"start":{"line":1,"column":20},"end":{"line":1,"column":52}},"1":{"start":{"line":2,"column":14},"end":{"line":2,"column":40}},"2":{"start":{"line":5,"column":24},"end":{"line":19,"column":1}},"3":{"start":{"line":6,"column":2},"end":{"line":18,"column":3}},"4":{"start":{"line":8,"column":17},"end":{"line":8,"column":65}},"5":{"start":{"line":10,"column":4},"end":{"line":12,"column":5}},"6":{"start":{"line":11,"column":6},"end":{"line":11,"column":76}},"7":{"start":{"line":14,"column":4},"end":{"line":14,"column":31}},"8":{"start":{"line":15,"column":4},"end":{"line":15,"column":11}},"9":{"start":{"line":17,"column":4},"end":{"line":17,"column":56}},"10":{"start":{"line":22,"column":21},"end":{"line":43,"column":1}},"11":{"start":{"line":23,"column":2},"end":{"line":42,"column":3}},"12":{"start":{"line":24,"column":20},"end":{"line":24,"column":42}},"13":{"start":{"line":27,"column":24},"end":{"line":27,"column":53}},"14":{"start":{"line":29,"column":4},"end":{"line":31,"column":5}},"15":{"start":{"line":30,"column":6},"end":{"line":30,"column":70}},"16":{"start":{"line":34,"column":4},"end":{"line":36,"column":5}},"17":{"start":{"line":35,"column":6},"end":{"line":35,"column":98}},"18":{"start":{"line":38,"column":4},"end":{"line":38,"column":38}},"19":{"start":{"line":39,"column":4},"end":{"line":39,"column":11}},"20":{"start":{"line":41,"column":4},"end":{"line":41,"column":56}},"21":{"start":{"line":45,"column":0},"end":{"line":48,"column":2}}},"fnMap":{"0":{"name":"(anonymous_0)","decl":{"start":{"line":5,"column":24},"end":{"line":5,"column":25}},"loc":{"start":{"line":5,"column":59},"end":{"line":19,"column":1}},"line":5},"1":{"name":"(anonymous_1)","decl":{"start":{"line":22,"column":21},"end":{"line":22,"column":22}},"loc":{"start":{"line":22,"column":56},"end":{"line":43,"column":1}},"line":22}},"branchMap":{"0":{"loc":{"start":{"line":10,"column":4},"end":{"line":12,"column":5}},"type":"if","locations":[{"start":{"line":10,"column":4},"end":{"line":12,"column":5}},{"start":{},"end":{}}],"line":10},"1":{"loc":{"start":{"line":29,"column":4},"end":{"line":31,"column":5}},"type":"if","locations":[{"start":{"line":29,"column":4},"end":{"line":31,"column":5}},{"start":{},"end":{}}],"line":29},"2":{"loc":{"start":{"line":34,"column":4},"end":{"line":36,"column":5}},"type":"if","locations":[{"start":{"line":34,"column":4},"end":{"line":36,"column":5}},{"start":{},"end":{}}],"line":34}},"s":{"0":3,"1":3,"2":3,"3":3,"4":3,"5":3,"6":0,"7":3,"8":3,"9":0,"10":3,"11":0,"12":0,"13":0,"14":0,"15":0,"16":0,"17":0,"18":0,"19":0,"20":0,"21":3},"f":{"0":3,"1":0},"b":{"0":[0,3],"1":[0,0],"2":[0,0]},"_coverageSchema":"1a1c01bbd47fc00a2c39e90264f33305004495a9","hash":"6932708db5e79058be3debfd0a1c1e84cbe94897"}
,"/home/nicki/server/src/models/class.js": {"path":"/home/nicki/server/src/models/class.js","statementMap":{"0":{"start":{"line":1,"column":17},"end":{"line":1,"column":36}},"1":{"start":{"line":3,"column":20},"end":{"line":17,"column":2}},"2":{"start":{"line":19,"column":16},"end":{"line":19,"column":52}},"3":{"start":{"line":21,"column":2},"end":{"line":21,"column":24}}},"fnMap":{},"branchMap":{},"s":{"0":3,"1":3,"2":3,"3":3},"f":{},"b":{},"_coverageSchema":"1a1c01bbd47fc00a2c39e90264f33305004495a9","hash":"ae502f17387c207fa17622fa574f569cf59c146c"}
,"/home/nicki/server/src/models/readingData.js": {"path":"/home/nicki/server/src/models/readingData.js","statementMap":{"0":{"start":{"line":1,"column":17},"end":{"line":1,"column":36}},"1":{"start":{"line":4,"column":30},"end":{"line":24,"column":1}},"2":{"start":{"line":26,"column":24},"end":{"line":26,"column":80}},"3":{"start":{"line":28,"column":0},"end":{"line":28,"column":33}}},"fnMap":{},"branchMap":{},"s":{"0":3,"1":3,"2":3,"3":3},"f":{},"b":{},"_coverageSchema":"1a1c01bbd47fc00a2c39e90264f33305004495a9","hash":"00c7d0e799d6226bea7fd996274c9d1d852ee9d0"}
,"/home/nicki/server/src/models/student.js": {"path":"/home/nicki/server/src/models/student.js","statementMap":{"0":{"start":{"line":1,"column":17},"end":{"line":1,"column":36}},"1":{"start":{"line":3,"column":22},"end":{"line":29,"column":4}},"2":{"start":{"line":32,"column":18},"end":{"line":32,"column":58}},"3":{"start":{"line":34,"column":2},"end":{"line":34,"column":26}}},"fnMap":{},"branchMap":{},"s":{"0":3,"1":3,"2":3,"3":3},"f":{},"b":{},"_coverageSchema":"1a1c01bbd47fc00a2c39e90264f33305004495a9","hash":"537644e71a2b9d037d7c75949c398c730d5870af"}
,"/home/nicki/server/src/models/teacherUser.js": {"path":"/home/nicki/server/src/models/teacherUser.js","statementMap":{"0":{"start":{"line":1,"column":17},"end":{"line":1,"column":36}},"1":{"start":{"line":3,"column":26},"end":{"line":14,"column":4}},"2":{"start":{"line":16,"column":20},"end":{"line":16,"column":68}},"3":{"start":{"line":18,"column":0},"end":{"line":18,"column":29}}},"fnMap":{},"branchMap":{},"s":{"0":3,"1":3,"2":3,"3":3},"f":{},"b":{},"_coverageSchema":"1a1c01bbd47fc00a2c39e90264f33305004495a9","hash":"7be35089a1f0b0d48e05107c1a5e2fc715c2f345"}
,"/home/nicki/server/src/routes/class_routes.js": {"path":"/home/nicki/server/src/routes/class_routes.js","statementMap":{"0":{"start":{"line":1,"column":16},"end":{"line":1,"column":34}},"1":{"start":{"line":2,"column":20},"end":{"line":2,"column":36}},"2":{"start":{"line":3,"column":58},"end":{"line":3,"column":100}},"3":{"start":{"line":4,"column":28},"end":{"line":4,"column":69}},"4":{"start":{"line":8,"column":0},"end":{"line":8,"column":64}},"5":{"start":{"line":11,"column":0},"end":{"line":11,"column":79}},"6":{"start":{"line":14,"column":0},"end":{"line":14,"column":72}},"7":{"start":{"line":16,"column":0},"end":{"line":16,"column":29}}},"fnMap":{},"branchMap":{},"s":{"0":3,"1":3,"2":3,"3":3,"4":3,"5":3,"6":3,"7":3},"f":{},"b":{},"_coverageSchema":"1a1c01bbd47fc00a2c39e90264f33305004495a9","hash":"5eb703cc9d7dcf7c2bcfe0eaa203d122bd0f9081"}
,"/home/nicki/server/src/routes/reading_data_routes.js": {"path":"/home/nicki/server/src/routes/reading_data_routes.js","statementMap":{"0":{"start":{"line":1,"column":16},"end":{"line":1,"column":34}},"1":{"start":{"line":2,"column":26},"end":{"line":2,"column":42}},"2":{"start":{"line":3,"column":60},"end":{"line":3,"column":109}},"3":{"start":{"line":4,"column":42},"end":{"line":4,"column":83}},"4":{"start":{"line":5,"column":35},"end":{"line":5,"column":84}},"5":{"start":{"line":9,"column":0},"end":{"line":9,"column":99}},"6":{"start":{"line":11,"column":0},"end":{"line":11,"column":88}},"7":{"start":{"line":13,"column":0},"end":{"line":13,"column":101}},"8":{"start":{"line":16,"column":0},"end":{"line":16,"column":35}}},"fnMap":{},"branchMap":{},"s":{"0":3,"1":3,"2":3,"3":3,"4":3,"5":3,"6":3,"7":3,"8":3},"f":{},"b":{},"_coverageSchema":"1a1c01bbd47fc00a2c39e90264f33305004495a9","hash":"8049b4ce16081cf2bd02d9b7df6d0f2c760dfe33"}
,"/home/nicki/server/src/routes/student_login_routes.js": {"path":"/home/nicki/server/src/routes/student_login_routes.js","statementMap":{"0":{"start":{"line":1,"column":16},"end":{"line":1,"column":34}},"1":{"start":{"line":2,"column":29},"end":{"line":2,"column":79}},"2":{"start":{"line":3,"column":26},"end":{"line":3,"column":42}},"3":{"start":{"line":5,"column":0},"end":{"line":5,"column":50}},"4":{"start":{"line":7,"column":0},"end":{"line":7,"column":34}}},"fnMap":{},"branchMap":{},"s":{"0":3,"1":3,"2":3,"3":3,"4":3},"f":{},"b":{},"_coverageSchema":"1a1c01bbd47fc00a2c39e90264f33305004495a9","hash":"26cc3d76fa8d29d7d704370632648f8bcdc928a5"}
,"/home/nicki/server/src/routes/student_routes.js": {"path":"/home/nicki/server/src/routes/student_routes.js","statementMap":{"0":{"start":{"line":1,"column":16},"end":{"line":1,"column":34}},"1":{"start":{"line":2,"column":22},"end":{"line":2,"column":38}},"2":{"start":{"line":3,"column":72},"end":{"line":3,"column":116}},"3":{"start":{"line":4,"column":30},"end":{"line":4,"column":79}},"4":{"start":{"line":5,"column":42},"end":{"line":5,"column":83}},"5":{"start":{"line":6,"column":27},"end":{"line":6,"column":71}},"6":{"start":{"line":8,"column":0},"end":{"line":8,"column":89}},"7":{"start":{"line":10,"column":0},"end":{"line":10,"column":95}},"8":{"start":{"line":12,"column":0},"end":{"line":12,"column":98}},"9":{"start":{"line":14,"column":0},"end":{"line":14,"column":93}},"10":{"start":{"line":16,"column":0},"end":{"line":16,"column":82}},"11":{"start":{"line":23,"column":0},"end":{"line":23,"column":30}}},"fnMap":{},"branchMap":{},"s":{"0":3,"1":3,"2":3,"3":3,"4":3,"5":3,"6":3,"7":3,"8":3,"9":3,"10":3,"11":3},"f":{},"b":{},"_coverageSchema":"1a1c01bbd47fc00a2c39e90264f33305004495a9","hash":"4c94c818256515a7ef4b9a1aa33ada99b8a99ae5"}
,"/home/nicki/server/src/routes/teacher_routes.js": {"path":"/home/nicki/server/src/routes/teacher_routes.js","statementMap":{"0":{"start":{"line":1,"column":16},"end":{"line":1,"column":34}},"1":{"start":{"line":2,"column":65},"end":{"line":2,"column":109}},"2":{"start":{"line":3,"column":26},"end":{"line":3,"column":42}},"3":{"start":{"line":5,"column":0},"end":{"line":5,"column":43}},"4":{"start":{"line":7,"column":0},"end":{"line":7,"column":49}},"5":{"start":{"line":9,"column":0},"end":{"line":9,"column":43}},"6":{"start":{"line":11,"column":0},"end":{"line":11,"column":45}},"7":{"start":{"line":13,"column":0},"end":{"line":13,"column":34}}},"fnMap":{},"branchMap":{},"s":{"0":3,"1":3,"2":3,"3":3,"4":3,"5":3,"6":3,"7":3},"f":{},"b":{},"_coverageSchema":"1a1c01bbd47fc00a2c39e90264f33305004495a9","hash":"c3d84d902387497ce5d4045473f3e7b0494c40ad"}
,"/home/nicki/server/src/services/auth_services.js": {"path":"/home/nicki/server/src/services/auth_services.js","statementMap":{"0":{"start":{"line":1,"column":12},"end":{"line":1,"column":35}},"1":{"start":{"line":3,"column":20},"end":{"line":12,"column":1}},"2":{"start":{"line":4,"column":4},"end":{"line":11,"column":5}},"3":{"start":{"line":14,"column":27},"end":{"line":23,"column":1}},"4":{"start":{"line":15,"column":4},"end":{"line":22,"column":5}},"5":{"start":{"line":25,"column":20},"end":{"line":31,"column":1}},"6":{"start":{"line":26,"column":4},"end":{"line":30,"column":5}},"7":{"start":{"line":27,"column":8},"end":{"line":27,"column":60}},"8":{"start":{"line":29,"column":8},"end":{"line":29,"column":56}},"9":{"start":{"line":33,"column":0},"end":{"line":37,"column":1}}},"fnMap":{"0":{"name":"(anonymous_0)","decl":{"start":{"line":3,"column":20},"end":{"line":3,"column":21}},"loc":{"start":{"line":3,"column":43},"end":{"line":12,"column":1}},"line":3},"1":{"name":"(anonymous_1)","decl":{"start":{"line":14,"column":27},"end":{"line":14,"column":28}},"loc":{"start":{"line":14,"column":51},"end":{"line":23,"column":1}},"line":14},"2":{"name":"(anonymous_2)","decl":{"start":{"line":25,"column":20},"end":{"line":25,"column":21}},"loc":{"start":{"line":25,"column":31},"end":{"line":31,"column":1}},"line":25}},"branchMap":{},"s":{"0":3,"1":3,"2":5,"3":3,"4":0,"5":3,"6":3,"7":3,"8":0,"9":3},"f":{"0":5,"1":0,"2":3},"b":{},"_coverageSchema":"1a1c01bbd47fc00a2c39e90264f33305004495a9","hash":"189783e4ff4fd7508734f11eaae2657dd5ebef08"}
}
