{"/home/nicki/server/src/database.js": {"path":"/home/nicki/server/src/database.js","statementMap":{"0":{"start":{"line":1,"column":17},"end":{"line":1,"column":36}},"1":{"start":{"line":4,"column":4},"end":{"line":4,"column":39}},"2":{"start":{"line":8,"column":4},"end":{"line":8,"column":37}},"3":{"start":{"line":13,"column":4},"end":{"line":19,"column":5}},"4":{"start":{"line":14,"column":6},"end":{"line":14,"column":42}},"5":{"start":{"line":15,"column":6},"end":{"line":15,"column":47}},"6":{"start":{"line":16,"column":6},"end":{"line":16,"column":52}},"7":{"start":{"line":18,"column":6},"end":{"line":18,"column":59}},"8":{"start":{"line":22,"column":0},"end":{"line":26,"column":1}}},"fnMap":{"0":{"name":"databaseConnector","decl":{"start":{"line":3,"column":15},"end":{"line":3,"column":32}},"loc":{"start":{"line":3,"column":45},"end":{"line":5,"column":1}},"line":3},"1":{"name":"databaseDisconnector","decl":{"start":{"line":7,"column":15},"end":{"line":7,"column":35}},"loc":{"start":{"line":7,"column":37},"end":{"line":10,"column":1}},"line":7},"2":{"name":"deleteDatabase","decl":{"start":{"line":12,"column":15},"end":{"line":12,"column":29}},"loc":{"start":{"line":12,"column":43},"end":{"line":20,"column":3}},"line":12}},"branchMap":{},"s":{"0":2,"1":2,"2":0,"3":1,"4":1,"5":1,"6":1,"7":0,"8":2},"f":{"0":2,"1":0,"2":1},"b":{},"_coverageSchema":"1a1c01bbd47fc00a2c39e90264f33305004495a9","hash":"09074bfb292009b389d50e370646db10e2a30707"}
,"/home/nicki/server/src/server.js": {"path":"/home/nicki/server/src/server.js","statementMap":{"0":{"start":{"line":1,"column":15},"end":{"line":1,"column":32}},"1":{"start":{"line":2,"column":0},"end":{"line":2,"column":16}},"2":{"start":{"line":4,"column":16},"end":{"line":4,"column":34}},"3":{"start":{"line":5,"column":12},"end":{"line":5,"column":21}},"4":{"start":{"line":7,"column":17},"end":{"line":7,"column":36}},"5":{"start":{"line":9,"column":13},"end":{"line":9,"column":37}},"6":{"start":{"line":10,"column":13},"end":{"line":10,"column":44}},"7":{"start":{"line":12,"column":15},"end":{"line":12,"column":32}},"8":{"start":{"line":13,"column":0},"end":{"line":13,"column":18}},"9":{"start":{"line":14,"column":0},"end":{"line":14,"column":47}},"10":{"start":{"line":15,"column":0},"end":{"line":15,"column":33}},"11":{"start":{"line":16,"column":0},"end":{"line":20,"column":3}},"12":{"start":{"line":22,"column":13},"end":{"line":22,"column":28}},"13":{"start":{"line":23,"column":18},"end":{"line":26,"column":1}},"14":{"start":{"line":28,"column":0},"end":{"line":28,"column":26}},"15":{"start":{"line":30,"column":0},"end":{"line":30,"column":24}},"16":{"start":{"line":31,"column":0},"end":{"line":31,"column":45}},"17":{"start":{"line":33,"column":18},"end":{"line":33,"column":20}},"18":{"start":{"line":34,"column":0},"end":{"line":46,"column":1}},"19":{"start":{"line":36,"column":2},"end":{"line":36,"column":41}},"20":{"start":{"line":37,"column":2},"end":{"line":37,"column":8}},"21":{"start":{"line":39,"column":2},"end":{"line":39,"column":59}},"22":{"start":{"line":40,"column":2},"end":{"line":40,"column":8}},"23":{"start":{"line":42,"column":2},"end":{"line":42,"column":64}},"24":{"start":{"line":43,"column":2},"end":{"line":43,"column":8}},"25":{"start":{"line":45,"column":2},"end":{"line":45,"column":67}},"26":{"start":{"line":48,"column":28},"end":{"line":48,"column":49}},"27":{"start":{"line":49,"column":0},"end":{"line":54,"column":2}},"28":{"start":{"line":50,"column":1},"end":{"line":50,"column":64}},"29":{"start":{"line":52,"column":1},"end":{"line":52,"column":50}},"30":{"start":{"line":53,"column":1},"end":{"line":53,"column":19}},"31":{"start":{"line":56,"column":0},"end":{"line":68,"column":3}},"32":{"start":{"line":57,"column":24},"end":{"line":57,"column":54}},"33":{"start":{"line":58,"column":23},"end":{"line":58,"column":47}},"34":{"start":{"line":59,"column":25},"end":{"line":59,"column":57}},"35":{"start":{"line":60,"column":23},"end":{"line":60,"column":47}},"36":{"start":{"line":62,"column":4},"end":{"line":67,"column":6}},"37":{"start":{"line":70,"column":0},"end":{"line":74,"column":2}},"38":{"start":{"line":71,"column":4},"end":{"line":73,"column":6}},"39":{"start":{"line":76,"column":26},"end":{"line":76,"column":63}},"40":{"start":{"line":77,"column":0},"end":{"line":77,"column":38}},"41":{"start":{"line":79,"column":26},"end":{"line":79,"column":69}},"42":{"start":{"line":80,"column":0},"end":{"line":80,"column":43}},"43":{"start":{"line":82,"column":24},"end":{"line":82,"column":68}},"44":{"start":{"line":83,"column":0},"end":{"line":83,"column":24}},"45":{"start":{"line":85,"column":20},"end":{"line":85,"column":55}},"46":{"start":{"line":86,"column":0},"end":{"line":86,"column":30}},"47":{"start":{"line":88,"column":22},"end":{"line":88,"column":59}},"48":{"start":{"line":89,"column":0},"end":{"line":89,"column":34}},"49":{"start":{"line":91,"column":26},"end":{"line":91,"column":68}},"50":{"start":{"line":92,"column":0},"end":{"line":92,"column":31}},"51":{"start":{"line":94,"column":0},"end":{"line":100,"column":2}},"52":{"start":{"line":95,"column":1},"end":{"line":95,"column":21}},"53":{"start":{"line":96,"column":1},"end":{"line":99,"column":3}},"54":{"start":{"line":102,"column":0},"end":{"line":106,"column":1}}},"fnMap":{"0":{"name":"(anonymous_0)","decl":{"start":{"line":49,"column":36},"end":{"line":49,"column":37}},"loc":{"start":{"line":49,"column":41},"end":{"line":51,"column":1}},"line":49},"1":{"name":"(anonymous_1)","decl":{"start":{"line":51,"column":9},"end":{"line":51,"column":10}},"loc":{"start":{"line":51,"column":18},"end":{"line":54,"column":1}},"line":51},"2":{"name":"(anonymous_2)","decl":{"start":{"line":56,"column":27},"end":{"line":56,"column":28}},"loc":{"start":{"line":56,"column":50},"end":{"line":68,"column":1}},"line":56},"3":{"name":"(anonymous_3)","decl":{"start":{"line":70,"column":13},"end":{"line":70,"column":14}},"loc":{"start":{"line":70,"column":36},"end":{"line":74,"column":1}},"line":70},"4":{"name":"(anonymous_4)","decl":{"start":{"line":94,"column":13},"end":{"line":94,"column":14}},"loc":{"start":{"line":94,"column":35},"end":{"line":100,"column":1}},"line":94}},"branchMap":{"0":{"loc":{"start":{"line":9,"column":13},"end":{"line":9,"column":37}},"type":"binary-expr","locations":[{"start":{"line":9,"column":13},"end":{"line":9,"column":29}},{"start":{"line":9,"column":33},"end":{"line":9,"column":37}}],"line":9},"1":{"loc":{"start":{"line":10,"column":13},"end":{"line":10,"column":44}},"type":"binary-expr","locations":[{"start":{"line":10,"column":13},"end":{"line":10,"column":29}},{"start":{"line":10,"column":33},"end":{"line":10,"column":44}}],"line":10},"2":{"loc":{"start":{"line":34,"column":0},"end":{"line":46,"column":1}},"type":"switch","locations":[{"start":{"line":35,"column":1},"end":{"line":37,"column":8}},{"start":{"line":38,"column":1},"end":{"line":40,"column":8}},{"start":{"line":41,"column":1},"end":{"line":43,"column":8}},{"start":{"line":44,"column":1},"end":{"line":45,"column":67}}],"line":34}},"s":{"0":2,"1":2,"2":2,"3":2,"4":2,"5":2,"6":2,"7":2,"8":2,"9":2,"10":2,"11":2,"12":2,"13":2,"14":2,"15":2,"16":2,"17":2,"18":2,"19":0,"20":0,"21":0,"22":0,"23":2,"24":2,"25":0,"26":2,"27":2,"28":2,"29":0,"30":0,"31":2,"32":0,"33":0,"34":0,"35":0,"36":0,"37":2,"38":2,"39":2,"40":2,"41":2,"42":2,"43":2,"44":2,"45":2,"46":2,"47":2,"48":2,"49":2,"50":2,"51":2,"52":0,"53":0,"54":2},"f":{"0":2,"1":0,"2":0,"3":2,"4":0},"b":{"0":[2,2],"1":[2,2],"2":[0,0,2,0]},"_coverageSchema":"1a1c01bbd47fc00a2c39e90264f33305004495a9","hash":"77d866cb3425c84d45302ed112cfcf72785cf98b"}
,"/home/nicki/server/src/controllers/class_controller.js": {"path":"/home/nicki/server/src/controllers/class_controller.js","statementMap":{"0":{"start":{"line":1,"column":14},"end":{"line":1,"column":40}},"1":{"start":{"line":2,"column":20},"end":{"line":2,"column":52}},"2":{"start":{"line":7,"column":2},"end":{"line":23,"column":3}},"3":{"start":{"line":9,"column":19},"end":{"line":11,"column":6}},"4":{"start":{"line":14,"column":4},"end":{"line":14,"column":26}},"5":{"start":{"line":15,"column":4},"end":{"line":15,"column":50}},"6":{"start":{"line":16,"column":4},"end":{"line":16,"column":36}},"7":{"start":{"line":19,"column":4},"end":{"line":19,"column":40}},"8":{"start":{"line":21,"column":4},"end":{"line":21,"column":50}},"9":{"start":{"line":22,"column":4},"end":{"line":22,"column":67}},"10":{"start":{"line":27,"column":2},"end":{"line":37,"column":3}},"11":{"start":{"line":28,"column":18},"end":{"line":28,"column":45}},"12":{"start":{"line":29,"column":23},"end":{"line":29,"column":66}},"13":{"start":{"line":30,"column":4},"end":{"line":32,"column":7}},"14":{"start":{"line":31,"column":6},"end":{"line":31,"column":57}},"15":{"start":{"line":33,"column":4},"end":{"line":33,"column":42}},"16":{"start":{"line":35,"column":4},"end":{"line":35,"column":54}},"17":{"start":{"line":36,"column":4},"end":{"line":36,"column":71}},"18":{"start":{"line":42,"column":16},"end":{"line":42,"column":38}},"19":{"start":{"line":43,"column":2},"end":{"line":55,"column":3}},"20":{"start":{"line":45,"column":25},"end":{"line":45,"column":97}},"21":{"start":{"line":47,"column":4},"end":{"line":49,"column":5}},"22":{"start":{"line":48,"column":6},"end":{"line":48,"column":69}},"23":{"start":{"line":51,"column":4},"end":{"line":51,"column":44}},"24":{"start":{"line":53,"column":4},"end":{"line":53,"column":52}},"25":{"start":{"line":54,"column":4},"end":{"line":54,"column":69}},"26":{"start":{"line":58,"column":0},"end":{"line":62,"column":2}}},"fnMap":{"0":{"name":"createClass","decl":{"start":{"line":5,"column":15},"end":{"line":5,"column":26}},"loc":{"start":{"line":5,"column":46},"end":{"line":24,"column":1}},"line":5},"1":{"name":"getTeacherClasses","decl":{"start":{"line":26,"column":15},"end":{"line":26,"column":32}},"loc":{"start":{"line":26,"column":51},"end":{"line":38,"column":1}},"line":26},"2":{"name":"getTeacherClass","decl":{"start":{"line":41,"column":15},"end":{"line":41,"column":30}},"loc":{"start":{"line":41,"column":50},"end":{"line":56,"column":1}},"line":41}},"branchMap":{"0":{"loc":{"start":{"line":30,"column":4},"end":{"line":32,"column":7}},"type":"if","locations":[{"start":{"line":30,"column":4},"end":{"line":32,"column":7}},{"start":{},"end":{}}],"line":30},"1":{"loc":{"start":{"line":30,"column":8},"end":{"line":30,"column":46}},"type":"binary-expr","locations":[{"start":{"line":30,"column":8},"end":{"line":30,"column":19}},{"start":{"line":30,"column":23},"end":{"line":30,"column":46}}],"line":30},"2":{"loc":{"start":{"line":47,"column":4},"end":{"line":49,"column":5}},"type":"if","locations":[{"start":{"line":47,"column":4},"end":{"line":49,"column":5}},{"start":{},"end":{}}],"line":47}},"s":{"0":2,"1":2,"2":0,"3":0,"4":0,"5":0,"6":0,"7":0,"8":0,"9":0,"10":0,"11":0,"12":0,"13":0,"14":0,"15":0,"16":0,"17":0,"18":0,"19":0,"20":0,"21":0,"22":0,"23":0,"24":0,"25":0,"26":2},"f":{"0":0,"1":0,"2":0},"b":{"0":[0,0],"1":[0,0],"2":[0,0]},"_coverageSchema":"1a1c01bbd47fc00a2c39e90264f33305004495a9","hash":"1171d0e67658f5859e6dca202237a33a0d6c0c94"}
,"/home/nicki/server/src/controllers/reading_form_controller.js": {"path":"/home/nicki/server/src/controllers/reading_form_controller.js","statementMap":{"0":{"start":{"line":1,"column":24},"end":{"line":1,"column":56}},"1":{"start":{"line":2,"column":16},"end":{"line":2,"column":44}},"2":{"start":{"line":3,"column":14},"end":{"line":3,"column":40}},"3":{"start":{"line":7,"column":11},"end":{"line":7,"column":65}},"4":{"start":{"line":8,"column":2},"end":{"line":8,"column":17}},"5":{"start":{"line":9,"column":2},"end":{"line":24,"column":3}},"6":{"start":{"line":10,"column":27},"end":{"line":16,"column":6}},"7":{"start":{"line":18,"column":4},"end":{"line":18,"column":31}},"8":{"start":{"line":19,"column":4},"end":{"line":19,"column":63}},"9":{"start":{"line":20,"column":4},"end":{"line":20,"column":38}},"10":{"start":{"line":21,"column":4},"end":{"line":21,"column":83}},"11":{"start":{"line":23,"column":4},"end":{"line":23,"column":75}},"12":{"start":{"line":31,"column":2},"end":{"line":36,"column":3}},"13":{"start":{"line":32,"column":31},"end":{"line":32,"column":96}},"14":{"start":{"line":33,"column":4},"end":{"line":33,"column":50}},"15":{"start":{"line":35,"column":4},"end":{"line":35,"column":85}},"16":{"start":{"line":41,"column":2},"end":{"line":46,"column":3}},"17":{"start":{"line":42,"column":30},"end":{"line":42,"column":114}},"18":{"start":{"line":43,"column":4},"end":{"line":43,"column":49}},"19":{"start":{"line":45,"column":4},"end":{"line":45,"column":85}},"20":{"start":{"line":51,"column":2},"end":{"line":57,"column":3}},"21":{"start":{"line":52,"column":27},"end":{"line":52,"column":98}},"22":{"start":{"line":55,"column":4},"end":{"line":55,"column":64}},"23":{"start":{"line":61,"column":2},"end":{"line":61,"column":33}},"24":{"start":{"line":62,"column":2},"end":{"line":82,"column":3}},"25":{"start":{"line":63,"column":20},"end":{"line":63,"column":38}},"26":{"start":{"line":64,"column":4},"end":{"line":64,"column":48}},"27":{"start":{"line":66,"column":32},"end":{"line":69,"column":48}},"28":{"start":{"line":70,"column":4},"end":{"line":70,"column":67}},"29":{"start":{"line":72,"column":21},"end":{"line":75,"column":7}},"30":{"start":{"line":72,"column":55},"end":{"line":75,"column":5}},"31":{"start":{"line":76,"column":4},"end":{"line":76,"column":49}},"32":{"start":{"line":78,"column":4},"end":{"line":78,"column":35}},"33":{"start":{"line":80,"column":4},"end":{"line":80,"column":35}},"34":{"start":{"line":81,"column":4},"end":{"line":81,"column":79}},"35":{"start":{"line":86,"column":0},"end":{"line":92,"column":2}}},"fnMap":{"0":{"name":"postReadingForm","decl":{"start":{"line":6,"column":15},"end":{"line":6,"column":30}},"loc":{"start":{"line":6,"column":50},"end":{"line":25,"column":1}},"line":6},"1":{"name":"getBooksReadByStudent","decl":{"start":{"line":29,"column":15},"end":{"line":29,"column":36}},"loc":{"start":{"line":29,"column":56},"end":{"line":37,"column":1}},"line":29},"2":{"name":"getCommentsByStudent","decl":{"start":{"line":40,"column":15},"end":{"line":40,"column":35}},"loc":{"start":{"line":40,"column":55},"end":{"line":47,"column":1}},"line":40},"3":{"name":"getFavouriteBooks","decl":{"start":{"line":50,"column":15},"end":{"line":50,"column":32}},"loc":{"start":{"line":50,"column":51},"end":{"line":58,"column":1}},"line":50},"4":{"name":"getCommentsForClass","decl":{"start":{"line":60,"column":15},"end":{"line":60,"column":34}},"loc":{"start":{"line":60,"column":44},"end":{"line":83,"column":1}},"line":60},"5":{"name":"(anonymous_5)","decl":{"start":{"line":72,"column":45},"end":{"line":72,"column":46}},"loc":{"start":{"line":72,"column":55},"end":{"line":75,"column":5}},"line":72}},"branchMap":{},"s":{"0":2,"1":2,"2":2,"3":0,"4":0,"5":0,"6":0,"7":0,"8":0,"9":0,"10":0,"11":0,"12":0,"13":0,"14":0,"15":0,"16":0,"17":0,"18":0,"19":0,"20":0,"21":0,"22":0,"23":0,"24":0,"25":0,"26":0,"27":0,"28":0,"29":0,"30":0,"31":0,"32":0,"33":0,"34":0,"35":2},"f":{"0":0,"1":0,"2":0,"3":0,"4":0,"5":0},"b":{},"_coverageSchema":"1a1c01bbd47fc00a2c39e90264f33305004495a9","hash":"a86ad910893ddc7c8a5897a28670bd7b8425268b"}
,"/home/nicki/server/src/controllers/student_controller.js": {"path":"/home/nicki/server/src/controllers/student_controller.js","statementMap":{"0":{"start":{"line":1,"column":16},"end":{"line":1,"column":44}},"1":{"start":{"line":2,"column":20},"end":{"line":2,"column":52}},"2":{"start":{"line":3,"column":14},"end":{"line":3,"column":40}},"3":{"start":{"line":6,"column":22},"end":{"line":26,"column":1}},"4":{"start":{"line":7,"column":2},"end":{"line":25,"column":3}},"5":{"start":{"line":10,"column":23},"end":{"line":15,"column":6}},"6":{"start":{"line":18,"column":4},"end":{"line":18,"column":28}},"7":{"start":{"line":19,"column":4},"end":{"line":19,"column":54}},"8":{"start":{"line":20,"column":4},"end":{"line":20,"column":36}},"9":{"start":{"line":22,"column":4},"end":{"line":22,"column":42}},"10":{"start":{"line":24,"column":4},"end":{"line":24,"column":56}},"11":{"start":{"line":29,"column":22},"end":{"line":49,"column":3}},"12":{"start":{"line":30,"column":4},"end":{"line":48,"column":5}},"13":{"start":{"line":33,"column":29},"end":{"line":42,"column":7}},"14":{"start":{"line":44,"column":6},"end":{"line":44,"column":61}},"15":{"start":{"line":46,"column":6},"end":{"line":46,"column":27}},"16":{"start":{"line":47,"column":6},"end":{"line":47,"column":71}},"17":{"start":{"line":52,"column":22},"end":{"line":68,"column":3}},"18":{"start":{"line":53,"column":4},"end":{"line":67,"column":5}},"19":{"start":{"line":55,"column":6},"end":{"line":58,"column":8}},"20":{"start":{"line":60,"column":6},"end":{"line":60,"column":65}},"21":{"start":{"line":63,"column":6},"end":{"line":63,"column":77}},"22":{"start":{"line":65,"column":6},"end":{"line":65,"column":27}},"23":{"start":{"line":66,"column":6},"end":{"line":66,"column":71}},"24":{"start":{"line":71,"column":27},"end":{"line":81,"column":1}},"25":{"start":{"line":72,"column":2},"end":{"line":80,"column":3}},"26":{"start":{"line":75,"column":21},"end":{"line":75,"column":87}},"27":{"start":{"line":77,"column":4},"end":{"line":77,"column":40}},"28":{"start":{"line":79,"column":4},"end":{"line":79,"column":56}},"29":{"start":{"line":83,"column":0},"end":{"line":88,"column":2}}},"fnMap":{"0":{"name":"(anonymous_0)","decl":{"start":{"line":6,"column":22},"end":{"line":6,"column":23}},"loc":{"start":{"line":6,"column":51},"end":{"line":26,"column":1}},"line":6},"1":{"name":"(anonymous_1)","decl":{"start":{"line":29,"column":22},"end":{"line":29,"column":23}},"loc":{"start":{"line":29,"column":51},"end":{"line":49,"column":3}},"line":29},"2":{"name":"(anonymous_2)","decl":{"start":{"line":52,"column":22},"end":{"line":52,"column":23}},"loc":{"start":{"line":52,"column":51},"end":{"line":68,"column":3}},"line":52},"3":{"name":"(anonymous_3)","decl":{"start":{"line":71,"column":27},"end":{"line":71,"column":28}},"loc":{"start":{"line":71,"column":56},"end":{"line":81,"column":1}},"line":71}},"branchMap":{},"s":{"0":2,"1":2,"2":2,"3":2,"4":0,"5":0,"6":0,"7":0,"8":0,"9":0,"10":0,"11":2,"12":0,"13":0,"14":0,"15":0,"16":0,"17":2,"18":0,"19":0,"20":0,"21":0,"22":0,"23":0,"24":2,"25":0,"26":0,"27":0,"28":0,"29":2},"f":{"0":0,"1":0,"2":0,"3":0},"b":{},"_coverageSchema":"1a1c01bbd47fc00a2c39e90264f33305004495a9","hash":"246c96f814233403615554aa56078437a5b118a2"}
,"/home/nicki/server/src/controllers/student_login_controller.js": {"path":"/home/nicki/server/src/controllers/student_login_controller.js","statementMap":{"0":{"start":{"line":1,"column":16},"end":{"line":1,"column":44}},"1":{"start":{"line":2,"column":29},"end":{"line":2,"column":65}},"2":{"start":{"line":5,"column":4},"end":{"line":25,"column":7}},"3":{"start":{"line":7,"column":19},"end":{"line":7,"column":79}},"4":{"start":{"line":8,"column":6},"end":{"line":10,"column":7}},"5":{"start":{"line":9,"column":8},"end":{"line":9,"column":73}},"6":{"start":{"line":12,"column":6},"end":{"line":21,"column":9}},"7":{"start":{"line":13,"column":22},"end":{"line":13,"column":50}},"8":{"start":{"line":14,"column":8},"end":{"line":18,"column":10}},"9":{"start":{"line":20,"column":8},"end":{"line":20,"column":73}},"10":{"start":{"line":24,"column":6},"end":{"line":24,"column":69}},"11":{"start":{"line":28,"column":2},"end":{"line":30,"column":3}}},"fnMap":{"0":{"name":"studentUserLogin","decl":{"start":{"line":4,"column":15},"end":{"line":4,"column":31}},"loc":{"start":{"line":4,"column":51},"end":{"line":26,"column":3}},"line":4}},"branchMap":{"0":{"loc":{"start":{"line":8,"column":6},"end":{"line":10,"column":7}},"type":"if","locations":[{"start":{"line":8,"column":6},"end":{"line":10,"column":7}},{"start":{},"end":{}}],"line":8},"1":{"loc":{"start":{"line":12,"column":6},"end":{"line":21,"column":9}},"type":"if","locations":[{"start":{"line":12,"column":6},"end":{"line":21,"column":9}},{"start":{"line":19,"column":13},"end":{"line":21,"column":9}}],"line":12}},"s":{"0":2,"1":2,"2":0,"3":0,"4":0,"5":0,"6":0,"7":0,"8":0,"9":0,"10":0,"11":2},"f":{"0":0},"b":{"0":[0,0],"1":[0,0]},"_coverageSchema":"1a1c01bbd47fc00a2c39e90264f33305004495a9","hash":"799a5a11b618b1e18eb3386fc2b6ad1b57c3d635"}
,"/home/nicki/server/src/controllers/teacher_controller.js": {"path":"/home/nicki/server/src/controllers/teacher_controller.js","statementMap":{"0":{"start":{"line":1,"column":15},"end":{"line":1,"column":32}},"1":{"start":{"line":2,"column":12},"end":{"line":2,"column":35}},"2":{"start":{"line":3,"column":20},"end":{"line":3,"column":52}},"3":{"start":{"line":4,"column":24},"end":{"line":4,"column":60}},"4":{"start":{"line":7,"column":24},"end":{"line":12,"column":1}},"5":{"start":{"line":8,"column":23},"end":{"line":8,"column":47}},"6":{"start":{"line":9,"column":4},"end":{"line":11,"column":6}},"7":{"start":{"line":18,"column":2},"end":{"line":49,"column":3}},"8":{"start":{"line":20,"column":25},"end":{"line":20,"column":87}},"9":{"start":{"line":21,"column":4},"end":{"line":25,"column":5}},"10":{"start":{"line":22,"column":6},"end":{"line":24,"column":52}},"11":{"start":{"line":28,"column":18},"end":{"line":37,"column":6}},"12":{"start":{"line":40,"column":4},"end":{"line":40,"column":25}},"13":{"start":{"line":42,"column":18},"end":{"line":42,"column":60}},"14":{"start":{"line":45,"column":4},"end":{"line":45,"column":96}},"15":{"start":{"line":48,"column":4},"end":{"line":48,"column":75}},"16":{"start":{"line":57,"column":2},"end":{"line":76,"column":5}},"17":{"start":{"line":59,"column":17},"end":{"line":59,"column":79}},"18":{"start":{"line":60,"column":4},"end":{"line":62,"column":5}},"19":{"start":{"line":61,"column":6},"end":{"line":61,"column":70}},"20":{"start":{"line":64,"column":4},"end":{"line":72,"column":7}},"21":{"start":{"line":65,"column":20},"end":{"line":65,"column":56}},"22":{"start":{"line":66,"column":6},"end":{"line":69,"column":8}},"23":{"start":{"line":71,"column":6},"end":{"line":71,"column":61}},"24":{"start":{"line":75,"column":4},"end":{"line":75,"column":67}},"25":{"start":{"line":82,"column":4},"end":{"line":91,"column":5}},"26":{"start":{"line":84,"column":6},"end":{"line":84,"column":39}},"27":{"start":{"line":87,"column":6},"end":{"line":87,"column":73}},"28":{"start":{"line":90,"column":6},"end":{"line":90,"column":70}},"29":{"start":{"line":94,"column":0},"end":{"line":99,"column":1}}},"fnMap":{"0":{"name":"(anonymous_0)","decl":{"start":{"line":7,"column":24},"end":{"line":7,"column":25}},"loc":{"start":{"line":7,"column":53},"end":{"line":12,"column":1}},"line":7},"1":{"name":"registerUser","decl":{"start":{"line":17,"column":15},"end":{"line":17,"column":27}},"loc":{"start":{"line":17,"column":47},"end":{"line":50,"column":1}},"line":17},"2":{"name":"loginUser","decl":{"start":{"line":56,"column":15},"end":{"line":56,"column":24}},"loc":{"start":{"line":56,"column":44},"end":{"line":77,"column":1}},"line":56},"3":{"name":"logoutUser","decl":{"start":{"line":81,"column":15},"end":{"line":81,"column":25}},"loc":{"start":{"line":81,"column":45},"end":{"line":92,"column":3}},"line":81}},"branchMap":{"0":{"loc":{"start":{"line":21,"column":4},"end":{"line":25,"column":5}},"type":"if","locations":[{"start":{"line":21,"column":4},"end":{"line":25,"column":5}},{"start":{},"end":{}}],"line":21},"1":{"loc":{"start":{"line":60,"column":4},"end":{"line":62,"column":5}},"type":"if","locations":[{"start":{"line":60,"column":4},"end":{"line":62,"column":5}},{"start":{},"end":{}}],"line":60},"2":{"loc":{"start":{"line":64,"column":4},"end":{"line":72,"column":7}},"type":"if","locations":[{"start":{"line":64,"column":4},"end":{"line":72,"column":7}},{"start":{"line":70,"column":11},"end":{"line":72,"column":7}}],"line":64}},"s":{"0":2,"1":2,"2":2,"3":2,"4":2,"5":0,"6":0,"7":2,"8":2,"9":2,"10":0,"11":2,"12":2,"13":1,"14":1,"15":1,"16":0,"17":0,"18":0,"19":0,"20":0,"21":0,"22":0,"23":0,"24":0,"25":0,"26":0,"27":0,"28":0,"29":2},"f":{"0":0,"1":2,"2":0,"3":0},"b":{"0":[0,2],"1":[0,0],"2":[0,0]},"_coverageSchema":"1a1c01bbd47fc00a2c39e90264f33305004495a9","hash":"4dbf39ff299c32dfb6cfd91d024104cac2eee718"}
,"/home/nicki/server/src/middlewares/auth_middlewares.js": {"path":"/home/nicki/server/src/middlewares/auth_middlewares.js","statementMap":{"0":{"start":{"line":2,"column":24},"end":{"line":2,"column":60}},"1":{"start":{"line":4,"column":24},"end":{"line":21,"column":1}},"2":{"start":{"line":5,"column":4},"end":{"line":20,"column":5}},"3":{"start":{"line":6,"column":8},"end":{"line":16,"column":9}},"4":{"start":{"line":7,"column":26},"end":{"line":7,"column":69}},"5":{"start":{"line":8,"column":12},"end":{"line":10,"column":13}},"6":{"start":{"line":9,"column":16},"end":{"line":9,"column":74}},"7":{"start":{"line":11,"column":28},"end":{"line":11,"column":46}},"8":{"start":{"line":12,"column":12},"end":{"line":12,"column":34}},"9":{"start":{"line":13,"column":12},"end":{"line":13,"column":25}},"10":{"start":{"line":15,"column":12},"end":{"line":15,"column":65}},"11":{"start":{"line":17,"column":8},"end":{"line":17,"column":21}},"12":{"start":{"line":19,"column":8},"end":{"line":19,"column":19}},"13":{"start":{"line":23,"column":0},"end":{"line":23,"column":32}}},"fnMap":{"0":{"name":"(anonymous_0)","decl":{"start":{"line":4,"column":24},"end":{"line":4,"column":25}},"loc":{"start":{"line":4,"column":53},"end":{"line":21,"column":1}},"line":4}},"branchMap":{"0":{"loc":{"start":{"line":6,"column":8},"end":{"line":16,"column":9}},"type":"if","locations":[{"start":{"line":6,"column":8},"end":{"line":16,"column":9}},{"start":{"line":14,"column":15},"end":{"line":16,"column":9}}],"line":6},"1":{"loc":{"start":{"line":8,"column":12},"end":{"line":10,"column":13}},"type":"if","locations":[{"start":{"line":8,"column":12},"end":{"line":10,"column":13}},{"start":{},"end":{}}],"line":8}},"s":{"0":2,"1":2,"2":0,"3":0,"4":0,"5":0,"6":0,"7":0,"8":0,"9":0,"10":0,"11":0,"12":0,"13":2},"f":{"0":0},"b":{"0":[0,0],"1":[0,0]},"_coverageSchema":"1a1c01bbd47fc00a2c39e90264f33305004495a9","hash":"a785816b703fbf929877d82b0284cbb31fc0f437"}
,"/home/nicki/server/src/middlewares/student_middleware.js": {"path":"/home/nicki/server/src/middlewares/student_middleware.js","statementMap":{"0":{"start":{"line":1,"column":16},"end":{"line":1,"column":47}},"1":{"start":{"line":3,"column":23},"end":{"line":17,"column":3}},"2":{"start":{"line":4,"column":4},"end":{"line":16,"column":5}},"3":{"start":{"line":5,"column":24},"end":{"line":5,"column":48}},"4":{"start":{"line":6,"column":30},"end":{"line":6,"column":63}},"5":{"start":{"line":8,"column":6},"end":{"line":10,"column":7}},"6":{"start":{"line":9,"column":8},"end":{"line":9,"column":74}},"7":{"start":{"line":12,"column":6},"end":{"line":12,"column":46}},"8":{"start":{"line":13,"column":6},"end":{"line":13,"column":13}},"9":{"start":{"line":15,"column":6},"end":{"line":15,"column":69}},"10":{"start":{"line":19,"column":2},"end":{"line":21,"column":3}}},"fnMap":{"0":{"name":"(anonymous_0)","decl":{"start":{"line":3,"column":23},"end":{"line":3,"column":24}},"loc":{"start":{"line":3,"column":58},"end":{"line":17,"column":3}},"line":3}},"branchMap":{"0":{"loc":{"start":{"line":8,"column":6},"end":{"line":10,"column":7}},"type":"if","locations":[{"start":{"line":8,"column":6},"end":{"line":10,"column":7}},{"start":{},"end":{}}],"line":8}},"s":{"0":2,"1":2,"2":0,"3":0,"4":0,"5":0,"6":0,"7":0,"8":0,"9":0,"10":2},"f":{"0":0},"b":{"0":[0,0]},"_coverageSchema":"1a1c01bbd47fc00a2c39e90264f33305004495a9","hash":"7b02a0bba98d55502bae54e3ed73af6b27969a99"}
,"/home/nicki/server/src/middlewares/student_user_middleware.js": {"path":"/home/nicki/server/src/middlewares/student_user_middleware.js","statementMap":{"0":{"start":{"line":1,"column":16},"end":{"line":1,"column":44}},"1":{"start":{"line":3,"column":31},"end":{"line":17,"column":3}},"2":{"start":{"line":4,"column":4},"end":{"line":16,"column":5}},"3":{"start":{"line":6,"column":19},"end":{"line":6,"column":63}},"4":{"start":{"line":8,"column":6},"end":{"line":10,"column":7}},"5":{"start":{"line":9,"column":8},"end":{"line":9,"column":78}},"6":{"start":{"line":12,"column":6},"end":{"line":12,"column":35}},"7":{"start":{"line":13,"column":6},"end":{"line":13,"column":13}},"8":{"start":{"line":15,"column":6},"end":{"line":15,"column":58}},"9":{"start":{"line":19,"column":2},"end":{"line":21,"column":3}}},"fnMap":{"0":{"name":"(anonymous_0)","decl":{"start":{"line":3,"column":31},"end":{"line":3,"column":32}},"loc":{"start":{"line":3,"column":66},"end":{"line":17,"column":3}},"line":3}},"branchMap":{"0":{"loc":{"start":{"line":8,"column":6},"end":{"line":10,"column":7}},"type":"if","locations":[{"start":{"line":8,"column":6},"end":{"line":10,"column":7}},{"start":{},"end":{}}],"line":8}},"s":{"0":2,"1":2,"2":0,"3":0,"4":0,"5":0,"6":0,"7":0,"8":0,"9":2},"f":{"0":0},"b":{"0":[0,0]},"_coverageSchema":"1a1c01bbd47fc00a2c39e90264f33305004495a9","hash":"6c1c288e786c8af73f3e9ea259dfca1752b22df7"}
,"/home/nicki/server/src/middlewares/user_middleware.js": {"path":"/home/nicki/server/src/middlewares/user_middleware.js","statementMap":{"0":{"start":{"line":1,"column":20},"end":{"line":1,"column":52}},"1":{"start":{"line":2,"column":14},"end":{"line":2,"column":40}},"2":{"start":{"line":5,"column":24},"end":{"line":19,"column":1}},"3":{"start":{"line":6,"column":2},"end":{"line":18,"column":3}},"4":{"start":{"line":8,"column":17},"end":{"line":8,"column":65}},"5":{"start":{"line":10,"column":4},"end":{"line":12,"column":5}},"6":{"start":{"line":11,"column":6},"end":{"line":11,"column":76}},"7":{"start":{"line":14,"column":4},"end":{"line":14,"column":31}},"8":{"start":{"line":15,"column":4},"end":{"line":15,"column":11}},"9":{"start":{"line":17,"column":4},"end":{"line":17,"column":56}},"10":{"start":{"line":22,"column":21},"end":{"line":43,"column":1}},"11":{"start":{"line":23,"column":2},"end":{"line":42,"column":3}},"12":{"start":{"line":24,"column":20},"end":{"line":24,"column":42}},"13":{"start":{"line":27,"column":24},"end":{"line":27,"column":53}},"14":{"start":{"line":29,"column":4},"end":{"line":31,"column":5}},"15":{"start":{"line":30,"column":6},"end":{"line":30,"column":70}},"16":{"start":{"line":34,"column":4},"end":{"line":36,"column":5}},"17":{"start":{"line":35,"column":6},"end":{"line":35,"column":98}},"18":{"start":{"line":38,"column":4},"end":{"line":38,"column":38}},"19":{"start":{"line":39,"column":4},"end":{"line":39,"column":11}},"20":{"start":{"line":41,"column":4},"end":{"line":41,"column":56}},"21":{"start":{"line":45,"column":0},"end":{"line":48,"column":2}}},"fnMap":{"0":{"name":"(anonymous_0)","decl":{"start":{"line":5,"column":24},"end":{"line":5,"column":25}},"loc":{"start":{"line":5,"column":59},"end":{"line":19,"column":1}},"line":5},"1":{"name":"(anonymous_1)","decl":{"start":{"line":22,"column":21},"end":{"line":22,"column":22}},"loc":{"start":{"line":22,"column":56},"end":{"line":43,"column":1}},"line":22}},"branchMap":{"0":{"loc":{"start":{"line":10,"column":4},"end":{"line":12,"column":5}},"type":"if","locations":[{"start":{"line":10,"column":4},"end":{"line":12,"column":5}},{"start":{},"end":{}}],"line":10},"1":{"loc":{"start":{"line":29,"column":4},"end":{"line":31,"column":5}},"type":"if","locations":[{"start":{"line":29,"column":4},"end":{"line":31,"column":5}},{"start":{},"end":{}}],"line":29},"2":{"loc":{"start":{"line":34,"column":4},"end":{"line":36,"column":5}},"type":"if","locations":[{"start":{"line":34,"column":4},"end":{"line":36,"column":5}},{"start":{},"end":{}}],"line":34}},"s":{"0":2,"1":2,"2":2,"3":0,"4":0,"5":0,"6":0,"7":0,"8":0,"9":0,"10":2,"11":0,"12":0,"13":0,"14":0,"15":0,"16":0,"17":0,"18":0,"19":0,"20":0,"21":2},"f":{"0":0,"1":0},"b":{"0":[0,0],"1":[0,0],"2":[0,0]},"_coverageSchema":"1a1c01bbd47fc00a2c39e90264f33305004495a9","hash":"6932708db5e79058be3debfd0a1c1e84cbe94897"}
,"/home/nicki/server/src/models/class.js": {"path":"/home/nicki/server/src/models/class.js","statementMap":{"0":{"start":{"line":1,"column":17},"end":{"line":1,"column":36}},"1":{"start":{"line":3,"column":20},"end":{"line":16,"column":2}},"2":{"start":{"line":18,"column":16},"end":{"line":18,"column":52}},"3":{"start":{"line":20,"column":2},"end":{"line":20,"column":24}}},"fnMap":{},"branchMap":{},"s":{"0":2,"1":2,"2":2,"3":2},"f":{},"b":{},"_coverageSchema":"1a1c01bbd47fc00a2c39e90264f33305004495a9","hash":"b597bfdc35a72a8bf1029a4078fa0e1a6d048d66"}
,"/home/nicki/server/src/models/readingData.js": {"path":"/home/nicki/server/src/models/readingData.js","statementMap":{"0":{"start":{"line":1,"column":17},"end":{"line":1,"column":36}},"1":{"start":{"line":4,"column":30},"end":{"line":28,"column":1}},"2":{"start":{"line":30,"column":24},"end":{"line":30,"column":80}},"3":{"start":{"line":32,"column":0},"end":{"line":32,"column":33}}},"fnMap":{},"branchMap":{},"s":{"0":2,"1":2,"2":2,"3":2},"f":{},"b":{},"_coverageSchema":"1a1c01bbd47fc00a2c39e90264f33305004495a9","hash":"8495317d61adc0b07c76ccd75b5b2eccb106a4e0"}
,"/home/nicki/server/src/models/student.js": {"path":"/home/nicki/server/src/models/student.js","statementMap":{"0":{"start":{"line":1,"column":17},"end":{"line":1,"column":36}},"1":{"start":{"line":3,"column":22},"end":{"line":27,"column":4}},"2":{"start":{"line":30,"column":18},"end":{"line":30,"column":58}},"3":{"start":{"line":32,"column":2},"end":{"line":32,"column":26}}},"fnMap":{},"branchMap":{},"s":{"0":2,"1":2,"2":2,"3":2},"f":{},"b":{},"_coverageSchema":"1a1c01bbd47fc00a2c39e90264f33305004495a9","hash":"d2b1800f0e4964eb9b947fe4cdb626fe5fc83c15"}
,"/home/nicki/server/src/models/teacherUser.js": {"path":"/home/nicki/server/src/models/teacherUser.js","statementMap":{"0":{"start":{"line":1,"column":17},"end":{"line":1,"column":36}},"1":{"start":{"line":3,"column":26},"end":{"line":14,"column":4}},"2":{"start":{"line":16,"column":20},"end":{"line":16,"column":68}},"3":{"start":{"line":18,"column":0},"end":{"line":18,"column":29}}},"fnMap":{},"branchMap":{},"s":{"0":2,"1":2,"2":2,"3":2},"f":{},"b":{},"_coverageSchema":"1a1c01bbd47fc00a2c39e90264f33305004495a9","hash":"7be35089a1f0b0d48e05107c1a5e2fc715c2f345"}
,"/home/nicki/server/src/routes/class_routes.js": {"path":"/home/nicki/server/src/routes/class_routes.js","statementMap":{"0":{"start":{"line":1,"column":16},"end":{"line":1,"column":34}},"1":{"start":{"line":2,"column":20},"end":{"line":2,"column":36}},"2":{"start":{"line":3,"column":58},"end":{"line":3,"column":100}},"3":{"start":{"line":4,"column":28},"end":{"line":4,"column":69}},"4":{"start":{"line":8,"column":0},"end":{"line":8,"column":52}},"5":{"start":{"line":11,"column":0},"end":{"line":11,"column":68}},"6":{"start":{"line":14,"column":0},"end":{"line":14,"column":72}},"7":{"start":{"line":16,"column":0},"end":{"line":16,"column":29}}},"fnMap":{},"branchMap":{},"s":{"0":2,"1":2,"2":2,"3":2,"4":2,"5":2,"6":2,"7":2},"f":{},"b":{},"_coverageSchema":"1a1c01bbd47fc00a2c39e90264f33305004495a9","hash":"afaadc006a0fee7a41ab6828b3cdd615efed13be"}
,"/home/nicki/server/src/routes/reading_data_routes.js": {"path":"/home/nicki/server/src/routes/reading_data_routes.js","statementMap":{"0":{"start":{"line":1,"column":16},"end":{"line":1,"column":34}},"1":{"start":{"line":2,"column":26},"end":{"line":2,"column":42}},"2":{"start":{"line":3,"column":51},"end":{"line":3,"column":100}},"3":{"start":{"line":4,"column":35},"end":{"line":4,"column":84}},"4":{"start":{"line":8,"column":0},"end":{"line":8,"column":88}},"5":{"start":{"line":11,"column":0},"end":{"line":11,"column":65}},"6":{"start":{"line":13,"column":0},"end":{"line":13,"column":35}}},"fnMap":{},"branchMap":{},"s":{"0":2,"1":2,"2":2,"3":2,"4":2,"5":2,"6":2},"f":{},"b":{},"_coverageSchema":"1a1c01bbd47fc00a2c39e90264f33305004495a9","hash":"b345eb24707368fdf99567f23dd75ff20a893dd1"}
,"/home/nicki/server/src/routes/student_login_routes.js": {"path":"/home/nicki/server/src/routes/student_login_routes.js","statementMap":{"0":{"start":{"line":1,"column":16},"end":{"line":1,"column":34}},"1":{"start":{"line":2,"column":29},"end":{"line":2,"column":79}},"2":{"start":{"line":3,"column":26},"end":{"line":3,"column":42}},"3":{"start":{"line":5,"column":0},"end":{"line":5,"column":45}},"4":{"start":{"line":7,"column":0},"end":{"line":7,"column":34}}},"fnMap":{},"branchMap":{},"s":{"0":2,"1":2,"2":2,"3":2,"4":2},"f":{},"b":{},"_coverageSchema":"1a1c01bbd47fc00a2c39e90264f33305004495a9","hash":"d5d4ac684ec78d983ebed337c7e450c9a1a92b81"}
,"/home/nicki/server/src/routes/student_routes.js": {"path":"/home/nicki/server/src/routes/student_routes.js","statementMap":{"0":{"start":{"line":1,"column":16},"end":{"line":1,"column":34}},"1":{"start":{"line":2,"column":22},"end":{"line":2,"column":38}},"2":{"start":{"line":3,"column":76},"end":{"line":3,"column":120}},"3":{"start":{"line":4,"column":96},"end":{"line":4,"column":145}},"4":{"start":{"line":5,"column":42},"end":{"line":5,"column":83}},"5":{"start":{"line":6,"column":27},"end":{"line":6,"column":71}},"6":{"start":{"line":8,"column":0},"end":{"line":8,"column":77}},"7":{"start":{"line":10,"column":0},"end":{"line":10,"column":80}},"8":{"start":{"line":12,"column":0},"end":{"line":12,"column":83}},"9":{"start":{"line":14,"column":0},"end":{"line":14,"column":81}},"10":{"start":{"line":16,"column":0},"end":{"line":16,"column":85}},"11":{"start":{"line":18,"column":0},"end":{"line":18,"column":80}},"12":{"start":{"line":20,"column":0},"end":{"line":20,"column":82}},"13":{"start":{"line":22,"column":0},"end":{"line":22,"column":77}},"14":{"start":{"line":28,"column":0},"end":{"line":28,"column":30}}},"fnMap":{},"branchMap":{},"s":{"0":2,"1":2,"2":2,"3":2,"4":2,"5":2,"6":2,"7":2,"8":2,"9":2,"10":2,"11":2,"12":2,"13":2,"14":2},"f":{},"b":{},"_coverageSchema":"1a1c01bbd47fc00a2c39e90264f33305004495a9","hash":"935b1cd5ed571673cacbda479deb3b998fc8044b"}
,"/home/nicki/server/src/routes/teacher_routes.js": {"path":"/home/nicki/server/src/routes/teacher_routes.js","statementMap":{"0":{"start":{"line":1,"column":16},"end":{"line":1,"column":34}},"1":{"start":{"line":2,"column":65},"end":{"line":2,"column":109}},"2":{"start":{"line":3,"column":26},"end":{"line":3,"column":42}},"3":{"start":{"line":5,"column":0},"end":{"line":5,"column":43}},"4":{"start":{"line":7,"column":0},"end":{"line":7,"column":49}},"5":{"start":{"line":9,"column":0},"end":{"line":9,"column":43}},"6":{"start":{"line":11,"column":0},"end":{"line":11,"column":45}},"7":{"start":{"line":13,"column":0},"end":{"line":13,"column":34}}},"fnMap":{},"branchMap":{},"s":{"0":2,"1":2,"2":2,"3":2,"4":2,"5":2,"6":2,"7":2},"f":{},"b":{},"_coverageSchema":"1a1c01bbd47fc00a2c39e90264f33305004495a9","hash":"c3d84d902387497ce5d4045473f3e7b0494c40ad"}
,"/home/nicki/server/src/services/auth_services.js": {"path":"/home/nicki/server/src/services/auth_services.js","statementMap":{"0":{"start":{"line":1,"column":12},"end":{"line":1,"column":35}},"1":{"start":{"line":3,"column":20},"end":{"line":12,"column":1}},"2":{"start":{"line":4,"column":4},"end":{"line":11,"column":5}},"3":{"start":{"line":14,"column":27},"end":{"line":22,"column":1}},"4":{"start":{"line":15,"column":4},"end":{"line":21,"column":5}},"5":{"start":{"line":24,"column":20},"end":{"line":30,"column":1}},"6":{"start":{"line":25,"column":4},"end":{"line":29,"column":5}},"7":{"start":{"line":26,"column":8},"end":{"line":26,"column":60}},"8":{"start":{"line":28,"column":8},"end":{"line":28,"column":56}},"9":{"start":{"line":32,"column":0},"end":{"line":36,"column":1}}},"fnMap":{"0":{"name":"(anonymous_0)","decl":{"start":{"line":3,"column":20},"end":{"line":3,"column":21}},"loc":{"start":{"line":3,"column":43},"end":{"line":12,"column":1}},"line":3},"1":{"name":"(anonymous_1)","decl":{"start":{"line":14,"column":27},"end":{"line":14,"column":28}},"loc":{"start":{"line":14,"column":40},"end":{"line":22,"column":1}},"line":14},"2":{"name":"(anonymous_2)","decl":{"start":{"line":24,"column":20},"end":{"line":24,"column":21}},"loc":{"start":{"line":24,"column":31},"end":{"line":30,"column":1}},"line":24}},"branchMap":{},"s":{"0":2,"1":2,"2":1,"3":2,"4":0,"5":2,"6":0,"7":0,"8":0,"9":2},"f":{"0":1,"1":0,"2":0},"b":{},"_coverageSchema":"1a1c01bbd47fc00a2c39e90264f33305004495a9","hash":"a9ef5b7bd5c8c5dc106b6c19672b94a4cd00b7e7"}
,"/home/nicki/server/testing/testSetup.js": {"path":"/home/nicki/server/testing/testSetup.js","statementMap":{"0":{"start":{"line":2,"column":17},"end":{"line":2,"column":36}},"1":{"start":{"line":3,"column":27},"end":{"line":3,"column":53}},"2":{"start":{"line":6,"column":20},"end":{"line":6,"column":67}},"3":{"start":{"line":8,"column":0},"end":{"line":10,"column":5}},"4":{"start":{"line":9,"column":4},"end":{"line":9,"column":93}},"5":{"start":{"line":13,"column":2},"end":{"line":15,"column":5}},"6":{"start":{"line":14,"column":4},"end":{"line":14,"column":32}},"7":{"start":{"line":19,"column":2},"end":{"line":23,"column":3}},"8":{"start":{"line":20,"column":4},"end":{"line":20,"column":38}},"9":{"start":{"line":22,"column":4},"end":{"line":22,"column":57}},"10":{"start":{"line":26,"column":0},"end":{"line":26,"column":35}}},"fnMap":{"0":{"name":"(anonymous_0)","decl":{"start":{"line":8,"column":10},"end":{"line":8,"column":11}},"loc":{"start":{"line":8,"column":22},"end":{"line":10,"column":3}},"line":8},"1":{"name":"(anonymous_1)","decl":{"start":{"line":13,"column":11},"end":{"line":13,"column":12}},"loc":{"start":{"line":13,"column":23},"end":{"line":15,"column":3}},"line":13},"2":{"name":"clearDatabase","decl":{"start":{"line":18,"column":15},"end":{"line":18,"column":28}},"loc":{"start":{"line":18,"column":31},"end":{"line":24,"column":1}},"line":18}},"branchMap":{},"s":{"0":2,"1":2,"2":2,"3":2,"4":2,"5":2,"6":2,"7":1,"8":1,"9":0,"10":2},"f":{"0":2,"1":2,"2":1},"b":{},"_coverageSchema":"1a1c01bbd47fc00a2c39e90264f33305004495a9","hash":"5ae1716913984d598b5235fa927855f064885954"}
}
