TN:
SF:src/database.js
FN:3,databaseConnector
FN:7,databaseDisconnector
FN:12,deleteDatabase
FNF:3
FNH:2
FNDA:2,databaseConnector
FNDA:0,databaseDisconnector
FNDA:1,deleteDatabase
DA:1,2
DA:4,2
DA:8,0
DA:13,1
DA:14,1
DA:15,1
DA:16,1
DA:18,0
DA:22,2
LF:9
LH:7
BRF:0
BRH:0
end_of_record
TN:
SF:src/server.js
FN:49,(anonymous_0)
FN:51,(anonymous_1)
FN:56,(anonymous_2)
FN:70,(anonymous_3)
FN:94,(anonymous_4)
FNF:5
FNH:2
FNDA:2,(anonymous_0)
FNDA:0,(anonymous_1)
FNDA:0,(anonymous_2)
FNDA:2,(anonymous_3)
FNDA:0,(anonymous_4)
DA:1,2
DA:2,2
DA:4,2
DA:5,2
DA:7,2
DA:9,2
DA:10,2
DA:12,2
DA:13,2
DA:14,2
DA:15,2
DA:16,2
DA:22,2
DA:23,2
DA:28,2
DA:30,2
DA:31,2
DA:33,2
DA:34,2
DA:36,0
DA:37,0
DA:39,0
DA:40,0
DA:42,2
DA:43,2
DA:45,0
DA:48,2
DA:49,2
DA:50,2
DA:52,0
DA:53,0
DA:56,2
DA:57,0
DA:58,0
DA:59,0
DA:60,0
DA:62,0
DA:70,2
DA:71,2
DA:76,2
DA:77,2
DA:79,2
DA:80,2
DA:82,2
DA:83,2
DA:85,2
DA:86,2
DA:88,2
DA:89,2
DA:91,2
DA:92,2
DA:94,2
DA:95,0
DA:96,0
DA:102,2
LF:55
LH:41
BRDA:9,0,0,2
BRDA:9,0,1,2
BRDA:10,1,0,2
BRDA:10,1,1,2
BRDA:34,2,0,0
BRDA:34,2,1,0
BRDA:34,2,2,2
BRDA:34,2,3,0
BRF:8
BRH:5
end_of_record
TN:
SF:src/controllers/class_controller.js
FN:5,createClass
FN:26,getTeacherClasses
FN:41,getTeacherClass
FNF:3
FNH:0
FNDA:0,createClass
FNDA:0,getTeacherClasses
FNDA:0,getTeacherClass
DA:1,2
DA:2,2
DA:7,0
DA:9,0
DA:14,0
DA:15,0
DA:16,0
DA:19,0
DA:21,0
DA:22,0
DA:27,0
DA:28,0
DA:29,0
DA:30,0
DA:31,0
DA:33,0
DA:35,0
DA:36,0
DA:42,0
DA:43,0
DA:45,0
DA:47,0
DA:48,0
DA:51,0
DA:53,0
DA:54,0
DA:58,2
LF:27
LH:3
BRDA:30,0,0,0
BRDA:30,0,1,0
BRDA:30,1,0,0
BRDA:30,1,1,0
BRDA:47,2,0,0
BRDA:47,2,1,0
BRF:6
BRH:0
end_of_record
TN:
SF:src/controllers/reading_form_controller.js
FN:6,postReadingForm
FN:29,getBooksReadByStudent
FN:40,getCommentsByStudent
FN:50,getFavouriteBooks
FN:60,getCommentsForClass
FN:72,(anonymous_5)
FNF:6
FNH:0
FNDA:0,postReadingForm
FNDA:0,getBooksReadByStudent
FNDA:0,getCommentsByStudent
FNDA:0,getFavouriteBooks
FNDA:0,getCommentsForClass
FNDA:0,(anonymous_5)
DA:1,2
DA:2,2
DA:3,2
DA:7,0
DA:8,0
DA:9,0
DA:10,0
DA:18,0
DA:19,0
DA:20,0
DA:21,0
DA:23,0
DA:31,0
DA:32,0
DA:33,0
DA:35,0
DA:41,0
DA:42,0
DA:43,0
DA:45,0
DA:51,0
DA:52,0
DA:55,0
DA:61,0
DA:62,0
DA:63,0
DA:64,0
DA:66,0
DA:70,0
DA:72,0
DA:76,0
DA:78,0
DA:80,0
DA:81,0
DA:86,2
LF:35
LH:4
BRF:0
BRH:0
end_of_record
TN:
SF:src/controllers/student_controller.js
FN:6,(anonymous_0)
FN:29,(anonymous_1)
FN:52,(anonymous_2)
FN:71,(anonymous_3)
FNF:4
FNH:0
FNDA:0,(anonymous_0)
FNDA:0,(anonymous_1)
FNDA:0,(anonymous_2)
FNDA:0,(anonymous_3)
DA:1,2
DA:2,2
DA:3,2
DA:6,2
DA:7,0
DA:10,0
DA:18,0
DA:19,0
DA:20,0
DA:22,0
DA:24,0
DA:29,2
DA:30,0
DA:33,0
DA:44,0
DA:46,0
DA:47,0
DA:52,2
DA:53,0
DA:55,0
DA:60,0
DA:63,0
DA:65,0
DA:66,0
DA:71,2
DA:72,0
DA:75,0
DA:77,0
DA:79,0
DA:83,2
LF:30
LH:8
BRF:0
BRH:0
end_of_record
TN:
SF:src/controllers/student_login_controller.js
FN:4,studentUserLogin
FNF:1
FNH:0
FNDA:0,studentUserLogin
DA:1,2
DA:2,2
DA:5,0
DA:7,0
DA:8,0
DA:9,0
DA:12,0
DA:13,0
DA:14,0
DA:20,0
DA:24,0
DA:28,2
LF:12
LH:3
BRDA:8,0,0,0
BRDA:8,0,1,0
BRDA:12,1,0,0
BRDA:12,1,1,0
BRF:4
BRH:0
end_of_record
TN:
SF:src/controllers/teacher_controller.js
FN:7,(anonymous_0)
FN:17,registerUser
FN:56,loginUser
FN:81,logoutUser
FNF:4
FNH:1
FNDA:0,(anonymous_0)
FNDA:2,registerUser
FNDA:0,loginUser
FNDA:0,logoutUser
DA:1,2
DA:2,2
DA:3,2
DA:4,2
DA:7,2
DA:8,0
DA:9,0
DA:18,2
DA:20,2
DA:21,2
DA:22,0
DA:28,2
DA:40,2
DA:42,1
DA:45,1
DA:48,1
DA:57,0
DA:59,0
DA:60,0
DA:61,0
DA:64,0
DA:65,0
DA:66,0
DA:71,0
DA:75,0
DA:82,0
DA:84,0
DA:87,0
DA:90,0
DA:94,2
LF:30
LH:14
BRDA:21,0,0,0
BRDA:21,0,1,2
BRDA:60,1,0,0
BRDA:60,1,1,0
BRDA:64,2,0,0
BRDA:64,2,1,0
BRF:6
BRH:1
end_of_record
TN:
SF:src/middlewares/auth_middlewares.js
FN:4,(anonymous_0)
FNF:1
FNH:0
FNDA:0,(anonymous_0)
DA:2,2
DA:4,2
DA:5,0
DA:6,0
DA:7,0
DA:8,0
DA:9,0
DA:11,0
DA:12,0
DA:13,0
DA:15,0
DA:17,0
DA:19,0
DA:23,2
LF:14
LH:3
BRDA:6,0,0,0
BRDA:6,0,1,0
BRDA:8,1,0,0
BRDA:8,1,1,0
BRF:4
BRH:0
end_of_record
TN:
SF:src/middlewares/student_middleware.js
FN:3,(anonymous_0)
FNF:1
FNH:0
FNDA:0,(anonymous_0)
DA:1,2
DA:3,2
DA:4,0
DA:5,0
DA:6,0
DA:8,0
DA:9,0
DA:12,0
DA:13,0
DA:15,0
DA:19,2
LF:11
LH:3
BRDA:8,0,0,0
BRDA:8,0,1,0
BRF:2
BRH:0
end_of_record
TN:
SF:src/middlewares/student_user_middleware.js
FN:3,(anonymous_0)
FNF:1
FNH:0
FNDA:0,(anonymous_0)
DA:1,2
DA:3,2
DA:4,0
DA:6,0
DA:8,0
DA:9,0
DA:12,0
DA:13,0
DA:15,0
DA:19,2
LF:10
LH:3
BRDA:8,0,0,0
BRDA:8,0,1,0
BRF:2
BRH:0
end_of_record
TN:
SF:src/middlewares/user_middleware.js
FN:5,(anonymous_0)
FN:22,(anonymous_1)
FNF:2
FNH:0
FNDA:0,(anonymous_0)
FNDA:0,(anonymous_1)
DA:1,2
DA:2,2
DA:5,2
DA:6,0
DA:8,0
DA:10,0
DA:11,0
DA:14,0
DA:15,0
DA:17,0
DA:22,2
DA:23,0
DA:24,0
DA:27,0
DA:29,0
DA:30,0
DA:34,0
DA:35,0
DA:38,0
DA:39,0
DA:41,0
DA:45,2
LF:22
LH:5
BRDA:10,0,0,0
BRDA:10,0,1,0
BRDA:29,1,0,0
BRDA:29,1,1,0
BRDA:34,2,0,0
BRDA:34,2,1,0
BRF:6
BRH:0
end_of_record
TN:
SF:src/models/class.js
FNF:0
FNH:0
DA:1,2
DA:3,2
DA:18,2
DA:20,2
LF:4
LH:4
BRF:0
BRH:0
end_of_record
TN:
SF:src/models/readingData.js
FNF:0
FNH:0
DA:1,2
DA:4,2
DA:30,2
DA:32,2
LF:4
LH:4
BRF:0
BRH:0
end_of_record
TN:
SF:src/models/student.js
FNF:0
FNH:0
DA:1,2
DA:3,2
DA:30,2
DA:32,2
LF:4
LH:4
BRF:0
BRH:0
end_of_record
TN:
SF:src/models/teacherUser.js
FNF:0
FNH:0
DA:1,2
DA:3,2
DA:16,2
DA:18,2
LF:4
LH:4
BRF:0
BRH:0
end_of_record
TN:
SF:src/routes/class_routes.js
FNF:0
FNH:0
DA:1,2
DA:2,2
DA:3,2
DA:4,2
DA:8,2
DA:11,2
DA:14,2
DA:16,2
LF:8
LH:8
BRF:0
BRH:0
end_of_record
TN:
SF:src/routes/reading_data_routes.js
FNF:0
FNH:0
DA:1,2
DA:2,2
DA:3,2
DA:4,2
DA:8,2
DA:11,2
DA:13,2
LF:7
LH:7
BRF:0
BRH:0
end_of_record
TN:
SF:src/routes/student_login_routes.js
FNF:0
FNH:0
DA:1,2
DA:2,2
DA:3,2
DA:5,2
DA:7,2
LF:5
LH:5
BRF:0
BRH:0
end_of_record
TN:
SF:src/routes/student_routes.js
FNF:0
FNH:0
DA:1,2
DA:2,2
DA:3,2
DA:4,2
DA:5,2
DA:6,2
DA:8,2
DA:10,2
DA:12,2
DA:14,2
DA:16,2
DA:18,2
DA:20,2
DA:22,2
DA:28,2
LF:15
LH:15
BRF:0
BRH:0
end_of_record
TN:
SF:src/routes/teacher_routes.js
FNF:0
FNH:0
DA:1,2
DA:2,2
DA:3,2
DA:5,2
DA:7,2
DA:9,2
DA:11,2
DA:13,2
LF:8
LH:8
BRF:0
BRH:0
end_of_record
TN:
SF:src/services/auth_services.js
FN:3,(anonymous_0)
FN:14,(anonymous_1)
FN:24,(anonymous_2)
FNF:3
FNH:1
FNDA:1,(anonymous_0)
FNDA:0,(anonymous_1)
FNDA:0,(anonymous_2)
DA:1,2
DA:3,2
DA:4,1
DA:14,2
DA:15,0
DA:24,2
DA:25,0
DA:26,0
DA:28,0
DA:32,2
LF:10
LH:6
BRF:0
BRH:0
end_of_record
TN:
SF:testing/testSetup.js
FN:8,(anonymous_0)
FN:13,(anonymous_1)
FN:18,clearDatabase
FNF:3
FNH:3
FNDA:2,(anonymous_0)
FNDA:2,(anonymous_1)
FNDA:1,clearDatabase
DA:2,2
DA:3,2
DA:6,2
DA:8,2
DA:9,2
DA:13,2
DA:14,2
DA:19,1
DA:20,1
DA:22,0
DA:26,2
LF:11
LH:10
BRF:0
BRH:0
end_of_record
